#
# There is insufficient memory for the Java Runtime Environment to continue.
# Native memory allocation (mmap) failed to map 181403648 bytes for committing reserved memory.
# Possible reasons:
#   The system is out of physical RAM or swap space
#   In 32 bit mode, the process size limit was hit
# Possible solutions:
#   Reduce memory load on the system
#   Increase physical memory or swap space
#   Check if swap backing store is full
#   Use 64 bit Java on a 64 bit OS
#   Decrease Java heap size (-Xmx/-Xms)
#   Decrease number of Java threads
#   Decrease Java thread stack sizes (-Xss)
#   Set larger code cache with -XX:ReservedCodeCacheSize=
# This output file may be truncated or incomplete.
#
#  Out of Memory Error (os_linux.cpp:2671), pid=25740, tid=140468876703488
#
# JRE version: Java(TM) SE Runtime Environment (8.0_31-b13) (build 1.8.0_31-b13)
# Java VM: Java HotSpot(TM) 64-Bit Server VM (25.31-b07 mixed mode linux-amd64 compressed oops)
# Failed to write core dump. Core dumps have been disabled. To enable core dumping, try "ulimit -c unlimited" before starting Java again
#

---------------  T H R E A D  ---------------

Current thread (0x00007fc19807e800):  VMThread [stack: 0x00007fc1756f7000,0x00007fc1757f8000] [id=25754]

Stack: [0x00007fc1756f7000,0x00007fc1757f8000],  sp=0x00007fc1757f60f0,  free space=1020k
Native frames: (J=compiled Java code, j=interpreted, Vv=VM code, C=native code)
V  [libjvm.so+0xa79e0a]  VMError::report_and_die()+0x2ca
V  [libjvm.so+0x4e57bb]  report_vm_out_of_memory(char const*, int, unsigned long, VMErrorType, char const*)+0x8b
V  [libjvm.so+0x8e5a23]  os::Linux::commit_memory_impl(char*, unsigned long, bool)+0x103
V  [libjvm.so+0x8e5f79]  os::pd_commit_memory(char*, unsigned long, unsigned long, bool)+0x29
V  [libjvm.so+0x8dfc4a]  os::commit_memory(char*, unsigned long, unsigned long, bool)+0x2a
V  [libjvm.so+0x9502f3]  PSVirtualSpace::expand_by(unsigned long)+0x53
V  [libjvm.so+0x9516f8]  PSYoungGen::resize_generation(unsigned long, unsigned long)+0xf8
V  [libjvm.so+0x950852]  PSYoungGen::resize(unsigned long, unsigned long)+0x22
V  [libjvm.so+0x94db33]  PSScavenge::invoke_no_policy()+0xf53
V  [libjvm.so+0x94e2b1]  PSScavenge::invoke()+0x41
V  [libjvm.so+0x907f90]  ParallelScavengeHeap::failed_mem_allocate(unsigned long)+0x70
V  [libjvm.so+0xa7b487]  VM_ParallelGCFailedAllocation::doit()+0x97
V  [libjvm.so+0xa82ba5]  VM_Operation::evaluate()+0x55
V  [libjvm.so+0xa80f7a]  VMThread::evaluate_operation(VM_Operation*)+0xba
V  [libjvm.so+0xa812fe]  VMThread::loop()+0x1ce
V  [libjvm.so+0xa81770]  VMThread::run()+0x70
V  [libjvm.so+0x8e8158]  java_start(Thread*)+0x108

VM_Operation (0x00007fc1a0fc9110): ParallelGCFailedAllocation, mode: safepoint, requested by thread 0x00007fc19800b000


---------------  P R O C E S S  ---------------

Java Threads: ( => current thread )
  0x00007fc1980d3800 JavaThread "Service Thread" daemon [_thread_blocked, id=25762, stack(0x00007fc17480d000,0x00007fc17490e000)]
  0x00007fc1980bc000 JavaThread "C1 CompilerThread3" daemon [_thread_blocked, id=25761, stack(0x00007fc17490e000,0x00007fc174a0f000)]
  0x00007fc1980b9800 JavaThread "C2 CompilerThread2" daemon [_thread_blocked, id=25760, stack(0x00007fc174a0f000,0x00007fc174b10000)]
  0x00007fc1980b8000 JavaThread "C2 CompilerThread1" daemon [_thread_blocked, id=25759, stack(0x00007fc174b10000,0x00007fc174c11000)]
  0x00007fc1980b5000 JavaThread "C2 CompilerThread0" daemon [_thread_blocked, id=25758, stack(0x00007fc174c11000,0x00007fc174d12000)]
  0x00007fc1980b3000 JavaThread "Signal Dispatcher" daemon [_thread_blocked, id=25757, stack(0x00007fc174d12000,0x00007fc174e13000)]
  0x00007fc198085800 JavaThread "Finalizer" daemon [_thread_blocked, id=25756, stack(0x00007fc1754f5000,0x00007fc1755f6000)]
  0x00007fc198083800 JavaThread "Reference Handler" daemon [_thread_blocked, id=25755, stack(0x00007fc1755f6000,0x00007fc1756f7000)]
  0x00007fc19800b000 JavaThread "main" [_thread_blocked, id=25745, stack(0x00007fc1a0eca000,0x00007fc1a0fcb000)]

Other Threads:
=>0x00007fc19807e800 VMThread [stack: 0x00007fc1756f7000,0x00007fc1757f8000] [id=25754]
  0x00007fc1980d6000 WatcherThread [stack: 0x00007fc17470c000,0x00007fc17480d000] [id=25763]

VM state:at safepoint (normal execution)

VM Mutex/Monitor currently owned by a thread:  ([mutex/lock_event])
[0x00007fc198007470] Threads_lock - owner thread: 0x00007fc19807e800
[0x00007fc198007970] Heap_lock - owner thread: 0x00007fc19800b000

Heap:
 PSYoungGen      total 130048K, used 5113K [0x00000000eab00000, 0x00000000f2f00000, 0x0000000100000000)
  eden space 124928K, 0% used [0x00000000eab00000,0x00000000eab00000,0x00000000f2500000)
  from space 5120K, 99% used [0x00000000f2500000,0x00000000f29fe4c8,0x00000000f2a00000)
  to   space 5120K, 0% used [0x00000000f2a00000,0x00000000f2a00000,0x00000000f2f00000)
 ParOldGen       total 83456K, used 50030K [0x00000000c0000000, 0x00000000c5180000, 0x00000000eab00000)
  object space 83456K, 59% used [0x00000000c0000000,0x00000000c30db920,0x00000000c5180000)
 Metaspace       used 7592K, capacity 8248K, committed 8448K, reserved 1056768K
  class space    used 705K, capacity 752K, committed 768K, reserved 1048576K

Card table byte_map: [0x00007fc19dae9000,0x00007fc19dcea000] byte_map_base: 0x00007fc19d4e9000

Marking Bits: (ParMarkBitMap*) 0x00007fc1a03a52a0
 Begin Bits: [0x00007fc176000000, 0x00007fc177000000)
 End Bits:   [0x00007fc177000000, 0x00007fc178000000)

Polling page: 0x00007fc1a0feb000

CodeCache: size=245760Kb used=10839Kb max_used=10871Kb free=234920Kb
 bounds [0x00007fc189000000, 0x00007fc189ab0000, 0x00007fc198000000]
 total_blobs=3346 nmethods=3057 adapters=204
 compilation: enabled

Compilation events (10 events):
Event: 3.221 Thread 0x00007fc1980bc000 nmethod 3085 0x00007fc189a98a50 code [0x00007fc189a98ba0, 0x00007fc189a98cb0]
Event: 4.308 Thread 0x00007fc1980bc000 3087       3       java.lang.String::toCharArray (25 bytes)
Event: 4.344 Thread 0x00007fc1980b5000 nmethod 3076 0x00007fc189aa9e90 code [0x00007fc189aaa080, 0x00007fc189aaa798]
Event: 4.344 Thread 0x00007fc1980b8000 nmethod 3077 0x00007fc189aa0a50 code [0x00007fc189aa0ba0, 0x00007fc189aa0c58]
Event: 4.345 Thread 0x00007fc1980b9800 nmethod 3078 0x00007fc189aa00d0 code [0x00007fc189aa0240, 0x00007fc189aa0778]
Event: 4.346 Thread 0x00007fc1980b5000 3080       4       com.android.dex.ClassDef::<init> (62 bytes)
Event: 4.346 Thread 0x00007fc1980b8000 3086       4       com.android.dx.io.instructions.InstructionCodec$28::encode (6 bytes)
Event: 4.346 Thread 0x00007fc1980b9800 3081       4       com.android.dx.io.instructions.ShortArrayCodeOutput::writeInt (16 bytes)
Event: 4.435 Thread 0x00007fc1980bc000 nmethod 3087 0x00007fc189a9ee90 code [0x00007fc189a9f000, 0x00007fc189a9f288]
Event: 4.457 Thread 0x00007fc1980bc000 3090       3       java.lang.ThreadLocal::get (38 bytes)

GC Heap History (9 events):
Event: 0.544 GC heap before
{Heap before GC invocations=1 (full 0):
 PSYoungGen      total 36352K, used 31232K [0x00000000eab00000, 0x00000000ed380000, 0x0000000100000000)
  eden space 31232K, 100% used [0x00000000eab00000,0x00000000ec980000,0x00000000ec980000)
  from space 5120K, 0% used [0x00000000ece80000,0x00000000ece80000,0x00000000ed380000)
  to   space 5120K, 0% used [0x00000000ec980000,0x00000000ec980000,0x00000000ece80000)
 ParOldGen       total 83456K, used 0K [0x00000000c0000000, 0x00000000c5180000, 0x00000000eab00000)
  object space 83456K, 0% used [0x00000000c0000000,0x00000000c0000000,0x00000000c5180000)
 Metaspace       used 5536K, capacity 6896K, committed 7040K, reserved 1056768K
  class space    used 545K, capacity 616K, committed 640K, reserved 1048576K
Event: 0.552 GC heap after
Heap after GC invocations=1 (full 0):
 PSYoungGen      total 36352K, used 5114K [0x00000000eab00000, 0x00000000ef200000, 0x0000000100000000)
  eden space 31232K, 0% used [0x00000000eab00000,0x00000000eab00000,0x00000000ec980000)
  from space 5120K, 99% used [0x00000000ec980000,0x00000000ece7e9a0,0x00000000ece80000)
  to   space 5120K, 0% used [0x00000000eed00000,0x00000000eed00000,0x00000000ef200000)
 ParOldGen       total 83456K, used 1136K [0x00000000c0000000, 0x00000000c5180000, 0x00000000eab00000)
  object space 83456K, 1% used [0x00000000c0000000,0x00000000c011c300,0x00000000c5180000)
 Metaspace       used 5536K, capacity 6896K, committed 7040K, reserved 1056768K
  class space    used 545K, capacity 616K, committed 640K, reserved 1048576K
}
Event: 0.772 GC heap before
{Heap before GC invocations=2 (full 0):
 PSYoungGen      total 36352K, used 36346K [0x00000000eab00000, 0x00000000ef200000, 0x0000000100000000)
  eden space 31232K, 100% used [0x00000000eab00000,0x00000000ec980000,0x00000000ec980000)
  from space 5120K, 99% used [0x00000000ec980000,0x00000000ece7e9a0,0x00000000ece80000)
  to   space 5120K, 0% used [0x00000000eed00000,0x00000000eed00000,0x00000000ef200000)
 ParOldGen       total 83456K, used 1136K [0x00000000c0000000, 0x00000000c5180000, 0x00000000eab00000)
  object space 83456K, 1% used [0x00000000c0000000,0x00000000c011c300,0x00000000c5180000)
 Metaspace       used 5669K, capacity 6960K, committed 7040K, reserved 1056768K
  class space    used 549K, capacity 616K, committed 640K, reserved 1048576K
Event: 0.792 GC heap after
Heap after GC invocations=2 (full 0):
 PSYoungGen      total 67584K, used 5107K [0x00000000eab00000, 0x00000000ef200000, 0x0000000100000000)
  eden space 62464K, 0% used [0x00000000eab00000,0x00000000eab00000,0x00000000ee800000)
  from space 5120K, 99% used [0x00000000eed00000,0x00000000ef1fce38,0x00000000ef200000)
  to   space 5120K, 0% used [0x00000000ee800000,0x00000000ee800000,0x00000000eed00000)
 ParOldGen       total 83456K, used 4388K [0x00000000c0000000, 0x00000000c5180000, 0x00000000eab00000)
  object space 83456K, 5% used [0x00000000c0000000,0x00000000c04492c0,0x00000000c5180000)
 Metaspace       used 5669K, capacity 6960K, committed 7040K, reserved 1056768K
  class space    used 549K, capacity 616K, committed 640K, reserved 1048576K
}
Event: 1.187 GC heap before
{Heap before GC invocations=3 (full 0):
 PSYoungGen      total 67584K, used 67571K [0x00000000eab00000, 0x00000000ef200000, 0x0000000100000000)
  eden space 62464K, 100% used [0x00000000eab00000,0x00000000ee800000,0x00000000ee800000)
  from space 5120K, 99% used [0x00000000eed00000,0x00000000ef1fce38,0x00000000ef200000)
  to   space 5120K, 0% used [0x00000000ee800000,0x00000000ee800000,0x00000000eed00000)
 ParOldGen       total 83456K, used 4388K [0x00000000c0000000, 0x00000000c5180000, 0x00000000eab00000)
  object space 83456K, 5% used [0x00000000c0000000,0x00000000c04492c0,0x00000000c5180000)
 Metaspace       used 5806K, capacity 7088K, committed 7296K, reserved 1056768K
  class space    used 551K, capacity 616K, committed 640K, reserved 1048576K
Event: 1.211 GC heap after
Heap after GC invocations=3 (full 0):
 PSYoungGen      total 67584K, used 5107K [0x00000000eab00000, 0x00000000f2f00000, 0x0000000100000000)
  eden space 62464K, 0% used [0x00000000eab00000,0x00000000eab00000,0x00000000ee800000)
  from space 5120K, 99% used [0x00000000ee800000,0x00000000eecfce38,0x00000000eed00000)
  to   space 5120K, 0% used [0x00000000f2a00000,0x00000000f2a00000,0x00000000f2f00000)
 ParOldGen       total 83456K, used 14175K [0x00000000c0000000, 0x00000000c5180000, 0x00000000eab00000)
  object space 83456K, 16% used [0x00000000c0000000,0x00000000c0dd7d00,0x00000000c5180000)
 Metaspace       used 5806K, capacity 7088K, committed 7296K, reserved 1056768K
  class space    used 551K, capacity 616K, committed 640K, reserved 1048576K
}
Event: 1.480 GC heap before
{Heap before GC invocations=4 (full 0):
 PSYoungGen      total 67584K, used 67571K [0x00000000eab00000, 0x00000000f2f00000, 0x0000000100000000)
  eden space 62464K, 100% used [0x00000000eab00000,0x00000000ee800000,0x00000000ee800000)
  from space 5120K, 99% used [0x00000000ee800000,0x00000000eecfce38,0x00000000eed00000)
  to   space 5120K, 0% used [0x00000000f2a00000,0x00000000f2a00000,0x00000000f2f00000)
 ParOldGen       total 83456K, used 14175K [0x00000000c0000000, 0x00000000c5180000, 0x00000000eab00000)
  object space 83456K, 16% used [0x00000000c0000000,0x00000000c0dd7d00,0x00000000c5180000)
 Metaspace       used 5837K, capacity 7088K, committed 7296K, reserved 1056768K
  class space    used 551K, capacity 616K, committed 640K, reserved 1048576K
Event: 1.502 GC heap after
Heap after GC invocations=4 (full 0):
 PSYoungGen      total 130048K, used 5098K [0x00000000eab00000, 0x00000000f2f00000, 0x0000000100000000)
  eden space 124928K, 0% used [0x00000000eab00000,0x00000000eab00000,0x00000000f2500000)
  from space 5120K, 99% used [0x00000000f2a00000,0x00000000f2efaa00,0x00000000f2f00000)
  to   space 5120K, 0% used [0x00000000f2500000,0x00000000f2500000,0x00000000f2a00000)
 ParOldGen       total 83456K, used 22123K [0x00000000c0000000, 0x00000000c5180000, 0x00000000eab00000)
  object space 83456K, 26% used [0x00000000c0000000,0x00000000c159ae90,0x00000000c5180000)
 Metaspace       used 5837K, capacity 7088K, committed 7296K, reserved 1056768K
  class space    used 551K, capacity 616K, committed 640K, reserved 1048576K
}
Event: 4.477 GC heap before
{Heap before GC invocations=5 (full 0):
 PSYoungGen      total 130048K, used 130026K [0x00000000eab00000, 0x00000000f2f00000, 0x0000000100000000)
  eden space 124928K, 100% used [0x00000000eab00000,0x00000000f2500000,0x00000000f2500000)
  from space 5120K, 99% used [0x00000000f2a00000,0x00000000f2efaa00,0x00000000f2f00000)
  to   space 5120K, 0% used [0x00000000f2500000,0x00000000f2500000,0x00000000f2a00000)
 ParOldGen       total 83456K, used 22123K [0x00000000c0000000, 0x00000000c5180000, 0x00000000eab00000)
  object space 83456K, 26% used [0x00000000c0000000,0x00000000c159ae90,0x00000000c5180000)
 Metaspace       used 7592K, capacity 8248K, committed 8448K, reserved 1056768K
  class space    used 705K, capacity 752K, committed 768K, reserved 1048576K

Deoptimization events (10 events):
Event: 1.900 Thread 0x00007fc19800b000 Uncommon trap: reason=bimorphic action=maybe_recompile pc=0x00007fc18920f23c method=java.util.HashMap.getNode(ILjava/lang/Object;)Ljava/util/HashMap$Node; @ 126
Event: 1.926 Thread 0x00007fc19800b000 Uncommon trap: reason=class_check action=maybe_recompile pc=0x00007fc189851338 method=com.android.dex.Leb128.writeUnsignedLeb128(Lcom/android/dex/util/ByteOutput;I)V @ 40
Event: 1.926 Thread 0x00007fc19800b000 Uncommon trap: reason=class_check action=maybe_recompile pc=0x00007fc189851338 method=com.android.dex.Leb128.writeUnsignedLeb128(Lcom/android/dex/util/ByteOutput;I)V @ 40
Event: 1.926 Thread 0x00007fc19800b000 Uncommon trap: reason=class_check action=maybe_recompile pc=0x00007fc189851338 method=com.android.dex.Leb128.writeUnsignedLeb128(Lcom/android/dex/util/ByteOutput;I)V @ 40
Event: 1.926 Thread 0x00007fc19800b000 Uncommon trap: reason=class_check action=maybe_recompile pc=0x00007fc189851338 method=com.android.dex.Leb128.writeUnsignedLeb128(Lcom/android/dex/util/ByteOutput;I)V @ 40
Event: 1.937 Thread 0x00007fc19800b000 Uncommon trap: reason=predicate action=maybe_recompile pc=0x00007fc1898dfe5c method=com.android.dex.Leb128.writeUnsignedLeb128(Lcom/android/dex/util/ByteOutput;I)V @ 9
Event: 1.965 Thread 0x00007fc19800b000 Uncommon trap: reason=unreached action=reinterpret pc=0x00007fc1898bc714 method=java.util.HashMap.putVal(ILjava/lang/Object;Ljava/lang/Object;ZZ)Ljava/lang/Object; @ 109
Event: 1.965 Thread 0x00007fc19800b000 Uncommon trap: reason=unreached action=reinterpret pc=0x00007fc189535b90 method=java.util.HashMap.resize()[Ljava/util/HashMap$Node; @ 206
Event: 1.993 Thread 0x00007fc19800b000 Uncommon trap: reason=unreached action=reinterpret pc=0x00007fc1896e3178 method=java.util.HashMap.getNode(ILjava/lang/Object;)Ljava/util/HashMap$Node; @ 84
Event: 2.062 Thread 0x00007fc19800b000 Uncommon trap: reason=predicate action=maybe_recompile pc=0x00007fc18992c1c4 method=com.android.dex.Leb128.readUnsignedLeb128(Lcom/android/dex/util/ByteInput;)I @ 41

Internal exceptions (10 events):
Event: 1.986 Thread 0x00007fc19800b000 Exception <a 'java/security/PrivilegedActionException'> (0x00000000ec9d4938) thrown at [/HUDSON/workspace/8-2-build-linux-amd64/jdk8u31/2394/hotspot/src/share/vm/prims/jvm.cpp, line 1312]
Event: 1.987 Thread 0x00007fc19800b000 Exception <a 'java/security/PrivilegedActionException'> (0x00000000ec9d7d38) thrown at [/HUDSON/workspace/8-2-build-linux-amd64/jdk8u31/2394/hotspot/src/share/vm/prims/jvm.cpp, line 1312]
Event: 1.987 Thread 0x00007fc19800b000 Exception <a 'java/security/PrivilegedActionException'> (0x00000000ec9db288) thrown at [/HUDSON/workspace/8-2-build-linux-amd64/jdk8u31/2394/hotspot/src/share/vm/prims/jvm.cpp, line 1312]
Event: 1.988 Thread 0x00007fc19800b000 Exception <a 'java/security/PrivilegedActionException'> (0x00000000ec9e0750) thrown at [/HUDSON/workspace/8-2-build-linux-amd64/jdk8u31/2394/hotspot/src/share/vm/prims/jvm.cpp, line 1312]
Event: 1.988 Thread 0x00007fc19800b000 Exception <a 'java/security/PrivilegedActionException'> (0x00000000ec9e3690) thrown at [/HUDSON/workspace/8-2-build-linux-amd64/jdk8u31/2394/hotspot/src/share/vm/prims/jvm.cpp, line 1312]
Event: 1.989 Thread 0x00007fc19800b000 Exception <a 'java/security/PrivilegedActionException'> (0x00000000ec9e6790) thrown at [/HUDSON/workspace/8-2-build-linux-amd64/jdk8u31/2394/hotspot/src/share/vm/prims/jvm.cpp, line 1312]
Event: 1.989 Thread 0x00007fc19800b000 Exception <a 'java/security/PrivilegedActionException'> (0x00000000ec9e9cc8) thrown at [/HUDSON/workspace/8-2-build-linux-amd64/jdk8u31/2394/hotspot/src/share/vm/prims/jvm.cpp, line 1312]
Event: 1.992 Thread 0x00007fc19800b000 Exception <a 'java/security/PrivilegedActionException'> (0x00000000eca30f30) thrown at [/HUDSON/workspace/8-2-build-linux-amd64/jdk8u31/2394/hotspot/src/share/vm/prims/jvm.cpp, line 1312]
Event: 1.992 Thread 0x00007fc19800b000 Exception <a 'java/security/PrivilegedActionException'> (0x00000000eca331b0) thrown at [/HUDSON/workspace/8-2-build-linux-amd64/jdk8u31/2394/hotspot/src/share/vm/prims/jvm.cpp, line 1312]
Event: 2.149 Thread 0x00007fc19800b000 Exception <a 'java/security/PrivilegedActionException'> (0x00000000eddec1a0) thrown at [/HUDSON/workspace/8-2-build-linux-amd64/jdk8u31/2394/hotspot/src/share/vm/prims/jvm.cpp, line 1312]

Events (10 events):
Event: 2.223 loading class java/util/Collections$EmptyIterator done
Event: 2.509 Thread 0x00007fc19800b000 DEOPT PACKING pc=0x00007fc189a61c39 sp=0x00007fc1a0fc94c0
Event: 2.514 Thread 0x00007fc19800b000 DEOPT UNPACKING pc=0x00007fc189047373 sp=0x00007fc1a0fc9260 mode 0
Event: 3.190 Thread 0x00007fc19800b000 DEOPT PACKING pc=0x00007fc189a61c39 sp=0x00007fc1a0fc94c0
Event: 3.190 Thread 0x00007fc19800b000 DEOPT UNPACKING pc=0x00007fc189047373 sp=0x00007fc1a0fc9260 mode 0
Event: 3.195 Thread 0x00007fc19800b000 DEOPT PACKING pc=0x00007fc189a61c39 sp=0x00007fc1a0fc94c0
Event: 3.195 Thread 0x00007fc19800b000 DEOPT UNPACKING pc=0x00007fc189047373 sp=0x00007fc1a0fc9260 mode 0
Event: 4.327 Thread 0x00007fc19800b000 DEOPT PACKING pc=0x00007fc189a61c39 sp=0x00007fc1a0fc94c0
Event: 4.339 Thread 0x00007fc19800b000 DEOPT UNPACKING pc=0x00007fc189047373 sp=0x00007fc1a0fc9260 mode 0
Event: 4.427 Executing VM operation: ParallelGCFailedAllocation


Dynamic libraries:
00400000-00401000 r-xp 00000000 fc:01 11546526                           /usr/local/java/jdk1.8.0_31/bin/java
00600000-00601000 rw-p 00000000 fc:01 11546526                           /usr/local/java/jdk1.8.0_31/bin/java
012ed000-0130e000 rw-p 00000000 00:00 0                                  [heap]
c0000000-c5180000 rw-p 00000000 00:00 0 
c5180000-eab00000 ---p 00000000 00:00 0 
eab00000-f2f00000 rw-p 00000000 00:00 0 
fdc00000-100000000 ---p 00000000 00:00 0 
100000000-1000c0000 rw-p 00000000 00:00 0 
1000c0000-140000000 ---p 00000000 00:00 0 
7fc138000000-7fc138021000 rw-p 00000000 00:00 0 
7fc138021000-7fc13c000000 ---p 00000000 00:00 0 
7fc13c000000-7fc13c021000 rw-p 00000000 00:00 0 
7fc13c021000-7fc140000000 ---p 00000000 00:00 0 
7fc140000000-7fc141522000 rw-p 00000000 00:00 0 
7fc141522000-7fc144000000 ---p 00000000 00:00 0 
7fc144000000-7fc144974000 rw-p 00000000 00:00 0 
7fc144974000-7fc148000000 ---p 00000000 00:00 0 
7fc148000000-7fc148f50000 rw-p 00000000 00:00 0 
7fc148f50000-7fc14c000000 ---p 00000000 00:00 0 
7fc14c000000-7fc14cf39000 rw-p 00000000 00:00 0 
7fc14cf39000-7fc150000000 ---p 00000000 00:00 0 
7fc150000000-7fc150021000 rw-p 00000000 00:00 0 
7fc150021000-7fc154000000 ---p 00000000 00:00 0 
7fc154000000-7fc154021000 rw-p 00000000 00:00 0 
7fc154021000-7fc158000000 ---p 00000000 00:00 0 
7fc158000000-7fc15827c000 rw-p 00000000 00:00 0 
7fc15827c000-7fc15c000000 ---p 00000000 00:00 0 
7fc15c000000-7fc15c021000 rw-p 00000000 00:00 0 
7fc15c021000-7fc160000000 ---p 00000000 00:00 0 
7fc160000000-7fc160021000 rw-p 00000000 00:00 0 
7fc160021000-7fc164000000 ---p 00000000 00:00 0 
7fc164000000-7fc164021000 rw-p 00000000 00:00 0 
7fc164021000-7fc168000000 ---p 00000000 00:00 0 
7fc168000000-7fc168021000 rw-p 00000000 00:00 0 
7fc168021000-7fc16c000000 ---p 00000000 00:00 0 
7fc170000000-7fc170021000 rw-p 00000000 00:00 0 
7fc170021000-7fc174000000 ---p 00000000 00:00 0 
7fc17470c000-7fc17470d000 ---p 00000000 00:00 0 
7fc17470d000-7fc17480d000 rw-p 00000000 00:00 0                          [stack:25763]
7fc17480d000-7fc174810000 ---p 00000000 00:00 0 
7fc174810000-7fc17490e000 rw-p 00000000 00:00 0                          [stack:25762]
7fc17490e000-7fc174911000 ---p 00000000 00:00 0 
7fc174911000-7fc174a0f000 rw-p 00000000 00:00 0                          [stack:25761]
7fc174a0f000-7fc174a12000 ---p 00000000 00:00 0 
7fc174a12000-7fc174b10000 rw-p 00000000 00:00 0                          [stack:25760]
7fc174b10000-7fc174b13000 ---p 00000000 00:00 0 
7fc174b13000-7fc174c11000 rw-p 00000000 00:00 0                          [stack:25759]
7fc174c11000-7fc174c14000 ---p 00000000 00:00 0 
7fc174c14000-7fc174d12000 rw-p 00000000 00:00 0                          [stack:25758]
7fc174d12000-7fc174d15000 ---p 00000000 00:00 0 
7fc174d15000-7fc174e13000 rw-p 00000000 00:00 0                          [stack:25757]
7fc174e13000-7fc1754f5000 r--p 00000000 fc:01 11541320                   /usr/lib/locale/locale-archive
7fc1754f5000-7fc1754f8000 ---p 00000000 00:00 0 
7fc1754f8000-7fc1755f6000 rw-p 00000000 00:00 0                          [stack:25756]
7fc1755f6000-7fc1755f9000 ---p 00000000 00:00 0 
7fc1755f9000-7fc1756f7000 rw-p 00000000 00:00 0                          [stack:25755]
7fc1756f7000-7fc1756f8000 ---p 00000000 00:00 0 
7fc1756f8000-7fc178000000 rw-p 00000000 00:00 0                          [stack:25754]
7fc178000000-7fc178021000 rw-p 00000000 00:00 0 
7fc178021000-7fc17c000000 ---p 00000000 00:00 0 
7fc17c000000-7fc17c021000 rw-p 00000000 00:00 0 
7fc17c021000-7fc180000000 ---p 00000000 00:00 0 
7fc180000000-7fc180021000 rw-p 00000000 00:00 0 
7fc180021000-7fc184000000 ---p 00000000 00:00 0 
7fc184000000-7fc184021000 rw-p 00000000 00:00 0 
7fc184021000-7fc188000000 ---p 00000000 00:00 0 
7fc1880f1000-7fc189000000 rw-p 00000000 00:00 0 
7fc189000000-7fc189ab0000 rwxp 00000000 00:00 0 
7fc189ab0000-7fc198000000 ---p 00000000 00:00 0 
7fc198000000-7fc1983a5000 rw-p 00000000 00:00 0 
7fc1983a5000-7fc19c000000 ---p 00000000 00:00 0 
7fc19c005000-7fc19c53f000 rw-p 00000000 00:00 0 
7fc19c53f000-7fc19c715000 r--s 03cae000 fc:01 919993                     /usr/local/java/jdk1.8.0_31/jre/lib/rt.jar
7fc19c715000-7fc19cf0b000 rw-p 00000000 00:00 0 
7fc19cf0b000-7fc19cf8b000 ---p 00000000 00:00 0 
7fc19cf8b000-7fc19d18b000 rw-p 00000000 00:00 0 
7fc19d18b000-7fc19d18c000 ---p 00000000 00:00 0 
7fc19d18c000-7fc19d28c000 rw-p 00000000 00:00 0                          [stack:25753]
7fc19d28c000-7fc19d28d000 ---p 00000000 00:00 0 
7fc19d28d000-7fc19d38d000 rw-p 00000000 00:00 0                          [stack:25752]
7fc19d38d000-7fc19d38e000 ---p 00000000 00:00 0 
7fc19d38e000-7fc19d48e000 rw-p 00000000 00:00 0                          [stack:25751]
7fc19d48e000-7fc19d48f000 ---p 00000000 00:00 0 
7fc19d48f000-7fc19d58f000 rw-p 00000000 00:00 0                          [stack:25750]
7fc19d58f000-7fc19d590000 ---p 00000000 00:00 0 
7fc19d590000-7fc19d690000 rw-p 00000000 00:00 0                          [stack:25749]
7fc19d690000-7fc19d691000 ---p 00000000 00:00 0 
7fc19d691000-7fc19d791000 rw-p 00000000 00:00 0                          [stack:25748]
7fc19d791000-7fc19d792000 ---p 00000000 00:00 0 
7fc19d792000-7fc19d892000 rw-p 00000000 00:00 0                          [stack:25747]
7fc19d892000-7fc19d893000 ---p 00000000 00:00 0 
7fc19d893000-7fc19d9bc000 rw-p 00000000 00:00 0                          [stack:25746]
7fc19d9bc000-7fc19dae9000 ---p 00000000 00:00 0 
7fc19dae9000-7fc19db12000 rw-p 00000000 00:00 0 
7fc19db12000-7fc19dc3e000 ---p 00000000 00:00 0 
7fc19dc3e000-7fc19dc81000 rw-p 00000000 00:00 0 
7fc19dc81000-7fc19dce9000 ---p 00000000 00:00 0 
7fc19dce9000-7fc19dd15000 rw-p 00000000 00:00 0 
7fc19dd15000-7fc19e0aa000 ---p 00000000 00:00 0 
7fc19e0aa000-7fc19e0c4000 r-xp 00000000 fc:01 920040                     /usr/local/java/jdk1.8.0_31/jre/lib/amd64/libzip.so
7fc19e0c4000-7fc19e2c4000 ---p 0001a000 fc:01 920040                     /usr/local/java/jdk1.8.0_31/jre/lib/amd64/libzip.so
7fc19e2c4000-7fc19e2c5000 rw-p 0001a000 fc:01 920040                     /usr/local/java/jdk1.8.0_31/jre/lib/amd64/libzip.so
7fc19e2c5000-7fc19e2d0000 r-xp 00000000 fc:01 6819669                    /lib/x86_64-linux-gnu/libnss_files-2.19.so
7fc19e2d0000-7fc19e4cf000 ---p 0000b000 fc:01 6819669                    /lib/x86_64-linux-gnu/libnss_files-2.19.so
7fc19e4cf000-7fc19e4d0000 r--p 0000a000 fc:01 6819669                    /lib/x86_64-linux-gnu/libnss_files-2.19.so
7fc19e4d0000-7fc19e4d1000 rw-p 0000b000 fc:01 6819669                    /lib/x86_64-linux-gnu/libnss_files-2.19.so
7fc19e4d1000-7fc19e4dc000 r-xp 00000000 fc:01 6819809                    /lib/x86_64-linux-gnu/libnss_nis-2.19.so
7fc19e4dc000-7fc19e6db000 ---p 0000b000 fc:01 6819809                    /lib/x86_64-linux-gnu/libnss_nis-2.19.so
7fc19e6db000-7fc19e6dc000 r--p 0000a000 fc:01 6819809                    /lib/x86_64-linux-gnu/libnss_nis-2.19.so
7fc19e6dc000-7fc19e6dd000 rw-p 0000b000 fc:01 6819809                    /lib/x86_64-linux-gnu/libnss_nis-2.19.so
7fc19e6dd000-7fc19e6f4000 r-xp 00000000 fc:01 6819784                    /lib/x86_64-linux-gnu/libnsl-2.19.so
7fc19e6f4000-7fc19e8f3000 ---p 00017000 fc:01 6819784                    /lib/x86_64-linux-gnu/libnsl-2.19.so
7fc19e8f3000-7fc19e8f4000 r--p 00016000 fc:01 6819784                    /lib/x86_64-linux-gnu/libnsl-2.19.so
7fc19e8f4000-7fc19e8f5000 rw-p 00017000 fc:01 6819784                    /lib/x86_64-linux-gnu/libnsl-2.19.so
7fc19e8f5000-7fc19e8f7000 rw-p 00000000 00:00 0 
7fc19e8f7000-7fc19e900000 r-xp 00000000 fc:01 6819782                    /lib/x86_64-linux-gnu/libnss_compat-2.19.so
7fc19e900000-7fc19eaff000 ---p 00009000 fc:01 6819782                    /lib/x86_64-linux-gnu/libnss_compat-2.19.so
7fc19eaff000-7fc19eb00000 r--p 00008000 fc:01 6819782                    /lib/x86_64-linux-gnu/libnss_compat-2.19.so
7fc19eb00000-7fc19eb01000 rw-p 00009000 fc:01 6819782                    /lib/x86_64-linux-gnu/libnss_compat-2.19.so
7fc19eb01000-7fc19eb2b000 r-xp 00000000 fc:01 920035                     /usr/local/java/jdk1.8.0_31/jre/lib/amd64/libjava.so
7fc19eb2b000-7fc19ed2b000 ---p 0002a000 fc:01 920035                     /usr/local/java/jdk1.8.0_31/jre/lib/amd64/libjava.so
7fc19ed2b000-7fc19ed2d000 rw-p 0002a000 fc:01 920035                     /usr/local/java/jdk1.8.0_31/jre/lib/amd64/libjava.so
7fc19ed2d000-7fc19ed3a000 r-xp 00000000 fc:01 920039                     /usr/local/java/jdk1.8.0_31/jre/lib/amd64/libverify.so
7fc19ed3a000-7fc19ef3a000 ---p 0000d000 fc:01 920039                     /usr/local/java/jdk1.8.0_31/jre/lib/amd64/libverify.so
7fc19ef3a000-7fc19ef3c000 rw-p 0000d000 fc:01 920039                     /usr/local/java/jdk1.8.0_31/jre/lib/amd64/libverify.so
7fc19ef3c000-7fc19ef43000 r-xp 00000000 fc:01 6819806                    /lib/x86_64-linux-gnu/librt-2.19.so
7fc19ef43000-7fc19f142000 ---p 00007000 fc:01 6819806                    /lib/x86_64-linux-gnu/librt-2.19.so
7fc19f142000-7fc19f143000 r--p 00006000 fc:01 6819806                    /lib/x86_64-linux-gnu/librt-2.19.so
7fc19f143000-7fc19f144000 rw-p 00007000 fc:01 6819806                    /lib/x86_64-linux-gnu/librt-2.19.so
7fc19f144000-7fc19f249000 r-xp 00000000 fc:01 6819654                    /lib/x86_64-linux-gnu/libm-2.19.so
7fc19f249000-7fc19f448000 ---p 00105000 fc:01 6819654                    /lib/x86_64-linux-gnu/libm-2.19.so
7fc19f448000-7fc19f449000 r--p 00104000 fc:01 6819654                    /lib/x86_64-linux-gnu/libm-2.19.so
7fc19f449000-7fc19f44a000 rw-p 00105000 fc:01 6819654                    /lib/x86_64-linux-gnu/libm-2.19.so
7fc19f44a000-7fc1a00b8000 r-xp 00000000 fc:01 1183830                    /usr/local/java/jdk1.8.0_31/jre/lib/amd64/server/libjvm.so
7fc1a00b8000-7fc1a02b7000 ---p 00c6e000 fc:01 1183830                    /usr/local/java/jdk1.8.0_31/jre/lib/amd64/server/libjvm.so
7fc1a02b7000-7fc1a038d000 rw-p 00c6d000 fc:01 1183830                    /usr/local/java/jdk1.8.0_31/jre/lib/amd64/server/libjvm.so
7fc1a038d000-7fc1a03d0000 rw-p 00000000 00:00 0 
7fc1a03d0000-7fc1a058b000 r-xp 00000000 fc:01 6819803                    /lib/x86_64-linux-gnu/libc-2.19.so
7fc1a058b000-7fc1a078a000 ---p 001bb000 fc:01 6819803                    /lib/x86_64-linux-gnu/libc-2.19.so
7fc1a078a000-7fc1a078e000 r--p 001ba000 fc:01 6819803                    /lib/x86_64-linux-gnu/libc-2.19.so
7fc1a078e000-7fc1a0790000 rw-p 001be000 fc:01 6819803                    /lib/x86_64-linux-gnu/libc-2.19.so
7fc1a0790000-7fc1a0795000 rw-p 00000000 00:00 0 
7fc1a0795000-7fc1a0798000 r-xp 00000000 fc:01 6819745                    /lib/x86_64-linux-gnu/libdl-2.19.so
7fc1a0798000-7fc1a0997000 ---p 00003000 fc:01 6819745                    /lib/x86_64-linux-gnu/libdl-2.19.so
7fc1a0997000-7fc1a0998000 r--p 00002000 fc:01 6819745                    /lib/x86_64-linux-gnu/libdl-2.19.so
7fc1a0998000-7fc1a0999000 rw-p 00003000 fc:01 6819745                    /lib/x86_64-linux-gnu/libdl-2.19.so
7fc1a0999000-7fc1a09ae000 r-xp 00000000 fc:01 659113                     /usr/local/java/jdk1.8.0_31/lib/amd64/jli/libjli.so
7fc1a09ae000-7fc1a0bad000 ---p 00015000 fc:01 659113                     /usr/local/java/jdk1.8.0_31/lib/amd64/jli/libjli.so
7fc1a0bad000-7fc1a0bae000 rw-p 00014000 fc:01 659113                     /usr/local/java/jdk1.8.0_31/lib/amd64/jli/libjli.so
7fc1a0bae000-7fc1a0bc7000 r-xp 00000000 fc:01 6819804                    /lib/x86_64-linux-gnu/libpthread-2.19.so
7fc1a0bc7000-7fc1a0dc6000 ---p 00019000 fc:01 6819804                    /lib/x86_64-linux-gnu/libpthread-2.19.so
7fc1a0dc6000-7fc1a0dc7000 r--p 00018000 fc:01 6819804                    /lib/x86_64-linux-gnu/libpthread-2.19.so
7fc1a0dc7000-7fc1a0dc8000 rw-p 00019000 fc:01 6819804                    /lib/x86_64-linux-gnu/libpthread-2.19.so
7fc1a0dc8000-7fc1a0dcc000 rw-p 00000000 00:00 0 
7fc1a0dcc000-7fc1a0def000 r-xp 00000000 fc:01 6819786                    /lib/x86_64-linux-gnu/ld-2.19.so
7fc1a0df0000-7fc1a0eca000 rw-p 00000000 00:00 0 
7fc1a0eca000-7fc1a0ecd000 ---p 00000000 00:00 0 
7fc1a0ecd000-7fc1a0fcf000 rw-p 00000000 00:00 0                          [stack:25745]
7fc1a0fcf000-7fc1a0fd3000 r--s 00094000 fc:01 919998                     /usr/local/java/jdk1.8.0_31/jre/lib/jsse.jar
7fc1a0fd3000-7fc1a0fe2000 r--s 000dd000 fc:01 10225656                   /home/hector/Android/Sdk/build-tools/21.1.2/lib/dx.jar
7fc1a0fe2000-7fc1a0fea000 rw-s 00000000 fc:01 10237196                   /tmp/hsperfdata_hector/25740
7fc1a0fea000-7fc1a0feb000 rw-p 00000000 00:00 0 
7fc1a0feb000-7fc1a0fec000 ---p 00000000 00:00 0 
7fc1a0fec000-7fc1a0fee000 rw-p 00000000 00:00 0 
7fc1a0fee000-7fc1a0fef000 r--p 00022000 fc:01 6819786                    /lib/x86_64-linux-gnu/ld-2.19.so
7fc1a0fef000-7fc1a0ff0000 rw-p 00023000 fc:01 6819786                    /lib/x86_64-linux-gnu/ld-2.19.so
7fc1a0ff0000-7fc1a0ff1000 rw-p 00000000 00:00 0 
7fff8705d000-7fff8707f000 rw-p 00000000 00:00 0                          [stack]
7fff871ac000-7fff871ae000 r-xp 00000000 00:00 0                          [vdso]
ffffffffff600000-ffffffffff601000 r-xp 00000000 00:00 0                  [vsyscall]

VM Arguments:
jvm_args: -Xmx1024M -Dfile.encoding=UTF-8 -Duser.country=US -Duser.language=en -Duser.variant 
java_command: com.android.dx.command.Main --dex --output /home/hector/Android/SoftwareProject/hi_run/app/build/intermediates/dex/debug /home/hector/Android/SoftwareProject/hi_run/app/build/intermediates/classes/debug /home/hector/Android/SoftwareProject/hi_run/app/build/intermediates/pre-dexed/debug/support-annotations-22.2.0-33a26640cc759ca8c9bd555d32e73d781c7c9fc4.jar /home/hector/Android/SoftwareProject/hi_run/app/build/intermediates/pre-dexed/debug/sinch-android-verification-1.0.1-b5351dd6f0fbce41159952165ba0114d61ae7c08.jar /home/hector/Android/SoftwareProject/hi_run/app/build/intermediates/pre-dexed/debug/bolts-android-1.2.0-8b053939cf00a73e8bb0fd69bba6c912490f976a.jar /home/hector/Android/SoftwareProject/hi_run/app/build/intermediates/pre-dexed/debug/activation-42c30917d83c0ecf6b13f61fe267f2ea47cd9e75.jar /home/hector/Android/SoftwareProject/hi_run/app/build/intermediates/pre-dexed/debug/additionnal-adca714cfe95fa1c1b6bf5e6dc7b71764d84cbeb.jar /home/hector/Android/SoftwareProject/hi_run/app/build/intermediates/pre-dexed/debug/picasso-2.5.2-6b2a14f6862264fe44982ea79176ad1389f7a9bb.jar /home/hector/Android/SoftwareProject/hi_run/app/build/intermediates/pre-dexed/debug/classes-2c8780a05402680cb3ff1d5c3a1c661dc8e10174.jar /home/hector/Android/SoftwareProject/hi_run/app/build/intermediates/pre-dexed/debug/internal_impl-22.2.0-5c8e2f0cea6c0e04176246c375baf2b1f2b71913.jar /home/hector/Android/SoftwareProject/hi_run/app/build/intermediates/pre-dexed/debug/classes-8e482bbfd96ce4e85e31a16c5702c867cb54417a.jar /home/hector/Android/SoftwareProject/hi_run/app/build/intermediates/pre-dexed/debug/mail-3937bd8597d0bd6d284228cf96f739edf921a6ab.jar /home/hector/Android/SoftwareProject/hi_run/app/build/intermediates/pre-dexed/debug/classes-7cc0ffe729aa7cb55e56edca68efe5c1f29d4f06.jar /home/hector/Android/SoftwareProject/hi_run/app/build/intermediates/pre-dexed/debug/Parse-1.9.1-ff7ff6630d8d54c164bf5f891afc630d12ee4dde.jar /home/hector/Android/SoftwareProject/hi_run/app/build/
java_class_path (initial): /home/hector/Android/Sdk/build-tools/21.1.2/lib/dx.jar
Launcher Type: SUN_STANDARD

Environment Variables:
JAVA_HOME=/usr/local/java/jdk1.8.0_31
CLASSPATH=/usr/local/android/android-studio/bin/../lib/bootstrap.jar:/usr/local/android/android-studio/bin/../lib/extensions.jar:/usr/local/android/android-studio/bin/../lib/util.jar:/usr/local/android/android-studio/bin/../lib/jdom.jar:/usr/local/android/android-studio/bin/../lib/log4j.jar:/usr/local/android/android-studio/bin/../lib/trove4j.jar:/usr/local/android/android-studio/bin/../lib/jna.jar:/usr/local/java/jdk1.8.0_31/lib/tools.jar
PATH=/usr/local/sbin:/usr/local/bin:/usr/sbin:/usr/bin:/sbin:/bin:/usr/games:/usr/local/games
LD_LIBRARY_PATH=/usr/local/android/android-studio/bin:
SHELL=/bin/bash
DISPLAY=:0

Signal Handlers:
SIGSEGV: [libjvm.so+0xa7a650], sa_mask[0]=11111111011111111101111111111110, sa_flags=SA_RESTART|SA_SIGINFO
SIGBUS: [libjvm.so+0xa7a650], sa_mask[0]=11111111011111111101111111111110, sa_flags=SA_RESTART|SA_SIGINFO
SIGFPE: [libjvm.so+0x8e28f0], sa_mask[0]=11111111011111111101111111111110, sa_flags=SA_RESTART|SA_SIGINFO
SIGPIPE: [libjvm.so+0x8e28f0], sa_mask[0]=11111111011111111101111111111110, sa_flags=SA_RESTART|SA_SIGINFO
SIGXFSZ: [libjvm.so+0x8e28f0], sa_mask[0]=11111111011111111101111111111110, sa_flags=SA_RESTART|SA_SIGINFO
SIGILL: [libjvm.so+0x8e28f0], sa_mask[0]=11111111011111111101111111111110, sa_flags=SA_RESTART|SA_SIGINFO
SIGUSR1: SIG_DFL, sa_mask[0]=00000000000000000000000000000000, sa_flags=none
SIGUSR2: [libjvm.so+0x8e4120], sa_mask[0]=00100000000000000000000000000000, sa_flags=SA_RESTART|SA_SIGINFO
SIGHUP: [libjvm.so+0x8e54e0], sa_mask[0]=11111111011111111101111111111110, sa_flags=SA_RESTART|SA_SIGINFO
SIGINT: [libjvm.so+0x8e54e0], sa_mask[0]=11111111011111111101111111111110, sa_flags=SA_RESTART|SA_SIGINFO
SIGTERM: [libjvm.so+0x8e54e0], sa_mask[0]=11111111011111111101111111111110, sa_flags=SA_RESTART|SA_SIGINFO
SIGQUIT: [libjvm.so+0x8e54e0], sa_mask[0]=11111111011111111101111111111110, sa_flags=SA_RESTART|SA_SIGINFO


---------------  S Y S T E M  ---------------

OS:DISTRIB_ID=Ubuntu
DISTRIB_RELEASE=14.04
DISTRIB_CODENAME=trusty
DISTRIB_DESCRIPTION="Ubuntu 14.04.3 LTS"

uname:Linux 3.13.0-61-generic #100-Ubuntu SMP Wed Jul 29 11:21:34 UTC 2015 x86_64
libc:glibc 2.19 NPTL 2.19 
rlimit: STACK 8192k, CORE 0k, NPROC 60746, NOFILE 4096, AS infinity
load average:5.54 1.85 1.10

/proc/meminfo:
MemTotal:        7892220 kB
MemFree:          125652 kB
Buffers:             512 kB
Cached:          2720512 kB
SwapCached:        28500 kB
Active:          6434048 kB
Inactive:        1058872 kB
Active(anon):    6429440 kB
Inactive(anon):  1049752 kB
Active(file):       4608 kB
Inactive(file):     9120 kB
Unevictable:          32 kB
Mlocked:              32 kB
SwapTotal:       8101884 kB
SwapFree:              0 kB
Dirty:                16 kB
Writeback:             0 kB
AnonPages:       4744584 kB
Mapped:          1670292 kB
Shmem:           2707644 kB
Slab:             123956 kB
SReclaimable:      59236 kB
SUnreclaim:        64720 kB
KernelStack:        6256 kB
PageTables:        52180 kB
NFS_Unstable:          0 kB
Bounce:                0 kB
WritebackTmp:          0 kB
CommitLimit:    12047992 kB
Committed_AS:   20133476 kB
VmallocTotal:   34359738367 kB
VmallocUsed:      615556 kB
VmallocChunk:   34359112316 kB
HardwareCorrupted:     0 kB
AnonHugePages:   1646592 kB
HugePages_Total:       0
HugePages_Free:        0
HugePages_Rsvd:        0
HugePages_Surp:        0
Hugepagesize:       2048 kB
DirectMap4k:      121600 kB
DirectMap2M:     6932480 kB
DirectMap1G:     1048576 kB


CPU:total 8 (4 cores per cpu, 2 threads per core) family 6 model 60 stepping 3, cmov, cx8, fxsr, mmx, sse, sse2, sse3, ssse3, sse4.1, sse4.2, popcnt, avx, avx2, aes, clmul, erms, lzcnt, ht, tsc, tscinvbit, bmi1, bmi2

/proc/cpuinfo:
processor	: 0
vendor_id	: GenuineIntel
cpu family	: 6
model		: 60
model name	: Intel(R) Core(TM) i7-4700MQ CPU @ 2.40GHz
stepping	: 3
microcode	: 0x7
cpu MHz		: 1100.000
cache size	: 6144 KB
physical id	: 0
siblings	: 8
core id		: 0
cpu cores	: 4
apicid		: 0
initial apicid	: 0
fpu		: yes
fpu_exception	: yes
cpuid level	: 13
wp		: yes
flags		: fpu vme de pse tsc msr pae mce cx8 apic sep mtrr pge mca cmov pat pse36 clflush dts acpi mmx fxsr sse sse2 ss ht tm pbe syscall nx pdpe1gb rdtscp lm constant_tsc arch_perfmon pebs bts rep_good nopl xtopology nonstop_tsc aperfmperf eagerfpu pni pclmulqdq dtes64 monitor ds_cpl vmx est tm2 ssse3 fma cx16 xtpr pdcm pcid sse4_1 sse4_2 movbe popcnt tsc_deadline_timer aes xsave avx f16c rdrand lahf_lm abm ida arat epb xsaveopt pln pts dtherm tpr_shadow vnmi flexpriority ept vpid fsgsbase tsc_adjust bmi1 avx2 smep bmi2 erms invpcid
bogomips	: 4788.77
clflush size	: 64
cache_alignment	: 64
address sizes	: 39 bits physical, 48 bits virtual
power management:

processor	: 1
vendor_id	: GenuineIntel
cpu family	: 6
model		: 60
model name	: Intel(R) Core(TM) i7-4700MQ CPU @ 2.40GHz
stepping	: 3
microcode	: 0x7
cpu MHz		: 2401.000
cache size	: 6144 KB
physical id	: 0
siblings	: 8
core id		: 0
cpu cores	: 4
apicid		: 1
initial apicid	: 1
fpu		: yes
fpu_exception	: yes
cpuid level	: 13
wp		: yes
flags		: fpu vme de pse tsc msr pae mce cx8 apic sep mtrr pge mca cmov pat pse36 clflush dts acpi mmx fxsr sse sse2 ss ht tm pbe syscall nx pdpe1gb rdtscp lm constant_tsc arch_perfmon pebs bts rep_good nopl xtopology nonstop_tsc aperfmperf eagerfpu pni pclmulqdq dtes64 monitor ds_cpl vmx est tm2 ssse3 fma cx16 xtpr pdcm pcid sse4_1 sse4_2 movbe popcnt tsc_deadline_timer aes xsave avx f16c rdrand lahf_lm abm ida arat epb xsaveopt pln pts dtherm tpr_shadow vnmi flexpriority ept vpid fsgsbase tsc_adjust bmi1 avx2 smep bmi2 erms invpcid
bogomips	: 4788.77
clflush size	: 64
cache_alignment	: 64
address sizes	: 39 bits physical, 48 bits virtual
power management:

processor	: 2
vendor_id	: GenuineIntel
cpu family	: 6
model		: 60
model name	: Intel(R) Core(TM) i7-4700MQ CPU @ 2.40GHz
stepping	: 3
microcode	: 0x7
cpu MHz		: 2401.000
cache size	: 6144 KB
physical id	: 0
siblings	: 8
core id		: 1
cpu cores	: 4
apicid		: 2
initial apicid	: 2
fpu		: yes
fpu_exception	: yes
cpuid level	: 13
wp		: yes
flags		: fpu vme de pse tsc msr pae mce cx8 apic sep mtrr pge mca cmov pat pse36 clflush dts acpi mmx fxsr sse sse2 ss ht tm pbe syscall nx pdpe1gb rdtscp lm constant_tsc arch_perfmon pebs bts rep_good nopl xtopology nonstop_tsc aperfmperf eagerfpu pni pclmulqdq dtes64 monitor ds_cpl vmx est tm2 ssse3 fma cx16 xtpr pdcm pcid sse4_1 sse4_2 movbe popcnt tsc_deadline_timer aes xsave avx f16c rdrand lahf_lm abm ida arat epb xsaveopt pln pts dtherm tpr_shadow vnmi flexpriority ept vpid fsgsbase tsc_adjust bmi1 avx2 smep bmi2 erms invpcid
bogomips	: 4788.77
clflush size	: 64
cache_alignment	: 64
address sizes	: 39 bits physical, 48 bits virtual
power management:

processor	: 3
vendor_id	: GenuineIntel
cpu family	: 6
model		: 60
model name	: Intel(R) Core(TM) i7-4700MQ CPU @ 2.40GHz
stepping	: 3
microcode	: 0x7
cpu MHz		: 2100.000
cache size	: 6144 KB
physical id	: 0
siblings	: 8
core id		: 1
cpu cores	: 4
apicid		: 3
initial apicid	: 3
fpu		: yes
fpu_exception	: yes
cpuid level	: 13
wp		: yes
flags		: fpu vme de pse tsc msr pae mce cx8 apic sep mtrr pge mca cmov pat pse36 clflush dts acpi mmx fxsr sse sse2 ss ht tm pbe syscall nx pdpe1gb rdtscp lm constant_tsc arch_perfmon pebs bts rep_good nopl xtopology nonstop_tsc aperfmperf eagerfpu pni pclmulqdq dtes64 monitor ds_cpl vmx est tm2 ssse3 fma cx16 xtpr pdcm pcid sse4_1 sse4_2 movbe popcnt tsc_deadline_timer aes xsave avx f16c rdrand lahf_lm abm ida arat epb xsaveopt pln pts dtherm tpr_shadow vnmi flexpriority ept vpid fsgsbase tsc_adjust bmi1 avx2 smep bmi2 erms invpcid
bogomips	: 4788.77
clflush size	: 64
cache_alignment	: 64
address sizes	: 39 bits physical, 48 bits virtual
power management:

processor	: 4
vendor_id	: GenuineIntel
cpu family	: 6
model		: 60
model name	: Intel(R) Core(TM) i7-4700MQ CPU @ 2.40GHz
stepping	: 3
microcode	: 0x7
cpu MHz		: 2401.000
cache size	: 6144 KB
physical id	: 0
siblings	: 8
core id		: 2
cpu cores	: 4
apicid		: 4
initial apicid	: 4
fpu		: yes
fpu_exception	: yes
cpuid level	: 13
wp		: yes
flags		: fpu vme de pse tsc msr pae mce cx8 apic sep mtrr pge mca cmov pat pse36 clflush dts acpi mmx fxsr sse sse2 ss ht tm pbe syscall nx pdpe1gb rdtscp lm constant_tsc arch_perfmon pebs bts rep_good nopl xtopology nonstop_tsc aperfmperf eagerfpu pni pclmulqdq dtes64 monitor ds_cpl vmx est tm2 ssse3 fma cx16 xtpr pdcm pcid sse4_1 sse4_2 movbe popcnt tsc_deadline_timer aes xsave avx f16c rdrand lahf_lm abm ida arat epb xsaveopt pln pts dtherm tpr_shadow vnmi flexpriority ept vpid fsgsbase tsc_adjust bmi1 avx2 smep bmi2 erms invpcid
bogomips	: 4788.77
clflush size	: 64
cache_alignment	: 64
address sizes	: 39 bits physical, 48 bits virtual
power management:

processor	: 5
vendor_id	: GenuineIntel
cpu family	: 6
model		: 60
model name	: Intel(R) Core(TM) i7-4700MQ CPU @ 2.40GHz
stepping	: 3
microcode	: 0x7
cpu MHz		: 2401.000
cache size	: 6144 KB
physical id	: 0
siblings	: 8
core id		: 2
cpu cores	: 4
apicid		: 5
initial apicid	: 5
fpu		: yes
fpu_exception	: yes
cpuid level	: 13
wp		: yes
flags		: fpu vme de pse tsc msr pae mce cx8 apic sep mtrr pge mca cmov pat pse36 clflush dts acpi mmx fxsr sse sse2 ss ht tm pbe syscall nx pdpe1gb rdtscp lm constant_tsc arch_perfmon pebs bts rep_good nopl xtopology nonstop_tsc aperfmperf eagerfpu pni pclmulqdq dtes64 monitor ds_cpl vmx est tm2 ssse3 fma cx16 xtpr pdcm pcid sse4_1 sse4_2 movbe popcnt tsc_deadline_timer aes xsave avx f16c rdrand lahf_lm abm ida arat epb xsaveopt pln pts dtherm tpr_shadow vnmi flexpriority ept vpid fsgsbase tsc_adjust bmi1 avx2 smep bmi2 erms invpcid
bogomips	: 4788.77
clflush size	: 64
cache_alignment	: 64
address sizes	: 39 bits physical, 48 bits virtual
power management:

processor	: 6
vendor_id	: GenuineIntel
cpu family	: 6
model		: 60
model name	: Intel(R) Core(TM) i7-4700MQ CPU @ 2.40GHz
stepping	: 3
microcode	: 0x7
cpu MHz		: 2401.000
cache size	: 6144 KB
physical id	: 0
siblings	: 8
core id		: 3
cpu cores	: 4
apicid		: 6
initial apicid	: 6
fpu		: yes
fpu_exception	: yes
cpuid level	: 13
wp		: yes
flags		: fpu vme de pse tsc msr pae mce cx8 apic sep mtrr pge mca cmov pat pse36 clflush dts acpi mmx fxsr sse sse2 ss ht tm pbe syscall nx pdpe1gb rdtscp lm constant_tsc arch_perfmon pebs bts rep_good nopl xtopology nonstop_tsc aperfmperf eagerfpu pni pclmulqdq dtes64 monitor ds_cpl vmx est tm2 ssse3 fma cx16 xtpr pdcm pcid sse4_1 sse4_2 movbe popcnt tsc_deadline_timer aes xsave avx f16c rdrand lahf_lm abm ida arat epb xsaveopt pln pts dtherm tpr_shadow vnmi flexpriority ept vpid fsgsbase tsc_adjust bmi1 avx2 smep bmi2 erms invpcid
bogomips	: 4788.77
clflush size	: 64
cache_alignment	: 64
address sizes	: 39 bits physical, 48 bits virtual
power management:

processor	: 7
vendor_id	: GenuineIntel
cpu family	: 6
model		: 60
model name	: Intel(R) Core(TM) i7-4700MQ CPU @ 2.40GHz
stepping	: 3
microcode	: 0x7
cpu MHz		: 1900.000
cache size	: 6144 KB
physical id	: 0
siblings	: 8
core id		: 3
cpu cores	: 4
apicid		: 7
initial apicid	: 7
fpu		: yes
fpu_exception	: yes
cpuid level	: 13
wp		: yes
flags		: fpu vme de pse tsc msr pae mce cx8 apic sep mtrr pge mca cmov pat pse36 clflush dts acpi mmx fxsr sse sse2 ss ht tm pbe syscall nx pdpe1gb rdtscp lm constant_tsc arch_perfmon pebs bts rep_good nopl xtopology nonstop_tsc aperfmperf eagerfpu pni pclmulqdq dtes64 monitor ds_cpl vmx est tm2 ssse3 fma cx16 xtpr pdcm pcid sse4_1 sse4_2 movbe popcnt tsc_deadline_timer aes xsave avx f16c rdrand lahf_lm abm ida arat epb xsaveopt pln pts dtherm tpr_shadow vnmi flexpriority ept vpid fsgsbase tsc_adjust bmi1 avx2 smep bmi2 erms invpcid
bogomips	: 4788.77
clflush size	: 64
cache_alignment	: 64
address sizes	: 39 bits physical, 48 bits virtual
power management:



Memory: 4k page, physical 7892220k(125652k free), swap 8101884k(0k free)

vm_info: Java HotSpot(TM) 64-Bit Server VM (25.31-b07) for linux-amd64 JRE (1.8.0_31-b13), built on Dec 17 2014 20:40:15 by "java_re" with gcc 4.3.0 20080428 (Red Hat 4.3.0-8)

time: Sat Aug  8 12:35:23 2015
elapsed time: 6 seconds (0d 0h 0m 6s)

