#
# There is insufficient memory for the Java Runtime Environment to continue.
# Native memory allocation (mmap) failed to map 165675008 bytes for committing reserved memory.
# Possible reasons:
#   The system is out of physical RAM or swap space
#   In 32 bit mode, the process size limit was hit
# Possible solutions:
#   Reduce memory load on the system
#   Increase physical memory or swap space
#   Check if swap backing store is full
#   Use 64 bit Java on a 64 bit OS
#   Decrease Java heap size (-Xmx/-Xms)
#   Decrease number of Java threads
#   Decrease Java thread stack sizes (-Xss)
#   Set larger code cache with -XX:ReservedCodeCacheSize=
# This output file may be truncated or incomplete.
#
#  Out of Memory Error (os_linux.cpp:2671), pid=25814, tid=140130441303808
#
# JRE version: Java(TM) SE Runtime Environment (8.0_31-b13) (build 1.8.0_31-b13)
# Java VM: Java HotSpot(TM) 64-Bit Server VM (25.31-b07 mixed mode linux-amd64 compressed oops)
# Failed to write core dump. Core dumps have been disabled. To enable core dumping, try "ulimit -c unlimited" before starting Java again
#

---------------  T H R E A D  ---------------

Current thread (0x00007f72d007e800):  VMThread [stack: 0x00007f72a91d1000,0x00007f72a92d2000] [id=25828]

Stack: [0x00007f72a91d1000,0x00007f72a92d2000],  sp=0x00007f72a92cfff0,  free space=1019k
Native frames: (J=compiled Java code, j=interpreted, Vv=VM code, C=native code)
V  [libjvm.so+0xa79e0a]  VMError::report_and_die()+0x2ca
V  [libjvm.so+0x4e57bb]  report_vm_out_of_memory(char const*, int, unsigned long, VMErrorType, char const*)+0x8b
V  [libjvm.so+0x8e5a23]  os::Linux::commit_memory_impl(char*, unsigned long, bool)+0x103
V  [libjvm.so+0x8e5f79]  os::pd_commit_memory(char*, unsigned long, unsigned long, bool)+0x29
V  [libjvm.so+0x8dfc4a]  os::commit_memory(char*, unsigned long, unsigned long, bool)+0x2a
V  [libjvm.so+0x9502f3]  PSVirtualSpace::expand_by(unsigned long)+0x53
V  [libjvm.so+0x9516f8]  PSYoungGen::resize_generation(unsigned long, unsigned long)+0xf8
V  [libjvm.so+0x950852]  PSYoungGen::resize(unsigned long, unsigned long)+0x22
V  [libjvm.so+0x94db33]  PSScavenge::invoke_no_policy()+0xf53
V  [libjvm.so+0x94e2b1]  PSScavenge::invoke()+0x41
V  [libjvm.so+0x907f90]  ParallelScavengeHeap::failed_mem_allocate(unsigned long)+0x70
V  [libjvm.so+0xa7b487]  VM_ParallelGCFailedAllocation::doit()+0x97
V  [libjvm.so+0xa82ba5]  VM_Operation::evaluate()+0x55
V  [libjvm.so+0xa80f7a]  VMThread::evaluate_operation(VM_Operation*)+0xba
V  [libjvm.so+0xa812fe]  VMThread::loop()+0x1ce
V  [libjvm.so+0xa81770]  VMThread::run()+0x70
V  [libjvm.so+0x8e8158]  java_start(Thread*)+0x108

VM_Operation (0x00007f72d89c9140): ParallelGCFailedAllocation, mode: safepoint, requested by thread 0x00007f72d000b000


---------------  P R O C E S S  ---------------

Java Threads: ( => current thread )
  0x00007f72d00d3000 JavaThread "Service Thread" daemon [_thread_blocked, id=25836, stack(0x00007f72a82e7000,0x00007f72a83e8000)]
  0x00007f72d00bc000 JavaThread "C1 CompilerThread3" daemon [_thread_blocked, id=25835, stack(0x00007f72a83e8000,0x00007f72a84e9000)]
  0x00007f72d00b9800 JavaThread "C2 CompilerThread2" daemon [_thread_blocked, id=25834, stack(0x00007f72a84e9000,0x00007f72a85ea000)]
  0x00007f72d00b8000 JavaThread "C2 CompilerThread1" daemon [_thread_blocked, id=25833, stack(0x00007f72a85ea000,0x00007f72a86eb000)]
  0x00007f72d00b5000 JavaThread "C2 CompilerThread0" daemon [_thread_blocked, id=25832, stack(0x00007f72a86eb000,0x00007f72a87ec000)]
  0x00007f72d00b3000 JavaThread "Signal Dispatcher" daemon [_thread_blocked, id=25831, stack(0x00007f72a87ec000,0x00007f72a88ed000)]
  0x00007f72d0085800 JavaThread "Finalizer" daemon [_thread_blocked, id=25830, stack(0x00007f72a8fcf000,0x00007f72a90d0000)]
  0x00007f72d0083800 JavaThread "Reference Handler" daemon [_thread_blocked, id=25829, stack(0x00007f72a90d0000,0x00007f72a91d1000)]
  0x00007f72d000b000 JavaThread "main" [_thread_blocked, id=25819, stack(0x00007f72d88ca000,0x00007f72d89cb000)]

Other Threads:
=>0x00007f72d007e800 VMThread [stack: 0x00007f72a91d1000,0x00007f72a92d2000] [id=25828]
  0x00007f72d00d5800 WatcherThread [stack: 0x00007f72a81e6000,0x00007f72a82e7000] [id=25837]

VM state:at safepoint (normal execution)

VM Mutex/Monitor currently owned by a thread:  ([mutex/lock_event])
[0x00007f72d0007470] Threads_lock - owner thread: 0x00007f72d007e800
[0x00007f72d0007970] Heap_lock - owner thread: 0x00007f72d000b000

Heap:
 PSYoungGen      total 130048K, used 5106K [0x00000000eab00000, 0x00000000f2f00000, 0x0000000100000000)
  eden space 124928K, 0% used [0x00000000eab00000,0x00000000eab00000,0x00000000f2500000)
  from space 5120K, 99% used [0x00000000f2500000,0x00000000f29fc8b8,0x00000000f2a00000)
  to   space 5120K, 0% used [0x00000000f2a00000,0x00000000f2a00000,0x00000000f2f00000)
 ParOldGen       total 83456K, used 39037K [0x00000000c0000000, 0x00000000c5180000, 0x00000000eab00000)
  object space 83456K, 46% used [0x00000000c0000000,0x00000000c261f550,0x00000000c5180000)
 Metaspace       used 7600K, capacity 8248K, committed 8448K, reserved 1056768K
  class space    used 705K, capacity 752K, committed 768K, reserved 1048576K

Card table byte_map: [0x00007f72d54e9000,0x00007f72d56ea000] byte_map_base: 0x00007f72d4ee9000

Marking Bits: (ParMarkBitMap*) 0x00007f72d7da52a0
 Begin Bits: [0x00007f72aa000000, 0x00007f72ab000000)
 End Bits:   [0x00007f72ab000000, 0x00007f72ac000000)

Polling page: 0x00007f72d89eb000

CodeCache: size=245760Kb used=10729Kb max_used=10743Kb free=235030Kb
 bounds [0x00007f72c1000000, 0x00007f72c1a90000, 0x00007f72d0000000]
 total_blobs=3326 nmethods=3037 adapters=204
 compilation: enabled

Compilation events (10 events):
Event: 2.549 Thread 0x00007f72d00b8000 nmethod 3067 0x00007f72c1a85250 code [0x00007f72c1a853c0, 0x00007f72c1a85728]
Event: 2.549 Thread 0x00007f72d00b5000 nmethod 3061 0x00007f72c1a88f50 code [0x00007f72c1a89180, 0x00007f72c1a89e10]
Event: 2.551 Thread 0x00007f72d00bc000 3068       3       java.lang.String::toString (2 bytes)
Event: 2.552 Thread 0x00007f72d00bc000 nmethod 3068 0x00007f72c1a81210 code [0x00007f72c1a81360, 0x00007f72c1a814b0]
Event: 2.553 Thread 0x00007f72d00bc000 3069       3       com.android.dex.TableOfContents::getSection (68 bytes)
Event: 2.555 Thread 0x00007f72d00bc000 nmethod 3069 0x00007f72c1a7e450 code [0x00007f72c1a7e640, 0x00007f72c1a7eef8]
Event: 2.565 Thread 0x00007f72d00b9800 3070       4       java.lang.Integer::compareTo (9 bytes)
Event: 2.565 Thread 0x00007f72d00b8000 3071       4       com.android.dx.merge.DexMerger$2::write (9 bytes)
Event: 2.567 Thread 0x00007f72d00b5000 3072       4       com.android.dx.merge.IndexMap::adjustTypeList (58 bytes)
Event: 2.575 Thread 0x00007f72d00bc000 3076 %     3       java.util.ComparableTimSort::binarySort @ 72 (223 bytes)

GC Heap History (9 events):
Event: 0.591 GC heap before
{Heap before GC invocations=1 (full 0):
 PSYoungGen      total 36352K, used 31232K [0x00000000eab00000, 0x00000000ed380000, 0x0000000100000000)
  eden space 31232K, 100% used [0x00000000eab00000,0x00000000ec980000,0x00000000ec980000)
  from space 5120K, 0% used [0x00000000ece80000,0x00000000ece80000,0x00000000ed380000)
  to   space 5120K, 0% used [0x00000000ec980000,0x00000000ec980000,0x00000000ece80000)
 ParOldGen       total 83456K, used 0K [0x00000000c0000000, 0x00000000c5180000, 0x00000000eab00000)
  object space 83456K, 0% used [0x00000000c0000000,0x00000000c0000000,0x00000000c5180000)
 Metaspace       used 5536K, capacity 6896K, committed 7040K, reserved 1056768K
  class space    used 545K, capacity 616K, committed 640K, reserved 1048576K
Event: 0.601 GC heap after
Heap after GC invocations=1 (full 0):
 PSYoungGen      total 36352K, used 5114K [0x00000000eab00000, 0x00000000ef200000, 0x0000000100000000)
  eden space 31232K, 0% used [0x00000000eab00000,0x00000000eab00000,0x00000000ec980000)
  from space 5120K, 99% used [0x00000000ec980000,0x00000000ece7e9a0,0x00000000ece80000)
  to   space 5120K, 0% used [0x00000000eed00000,0x00000000eed00000,0x00000000ef200000)
 ParOldGen       total 83456K, used 1235K [0x00000000c0000000, 0x00000000c5180000, 0x00000000eab00000)
  object space 83456K, 1% used [0x00000000c0000000,0x00000000c0134ed8,0x00000000c5180000)
 Metaspace       used 5536K, capacity 6896K, committed 7040K, reserved 1056768K
  class space    used 545K, capacity 616K, committed 640K, reserved 1048576K
}
Event: 0.821 GC heap before
{Heap before GC invocations=2 (full 0):
 PSYoungGen      total 36352K, used 36346K [0x00000000eab00000, 0x00000000ef200000, 0x0000000100000000)
  eden space 31232K, 100% used [0x00000000eab00000,0x00000000ec980000,0x00000000ec980000)
  from space 5120K, 99% used [0x00000000ec980000,0x00000000ece7e9a0,0x00000000ece80000)
  to   space 5120K, 0% used [0x00000000eed00000,0x00000000eed00000,0x00000000ef200000)
 ParOldGen       total 83456K, used 1235K [0x00000000c0000000, 0x00000000c5180000, 0x00000000eab00000)
  object space 83456K, 1% used [0x00000000c0000000,0x00000000c0134ed8,0x00000000c5180000)
 Metaspace       used 5668K, capacity 6960K, committed 7040K, reserved 1056768K
  class space    used 549K, capacity 616K, committed 640K, reserved 1048576K
Event: 0.830 GC heap after
Heap after GC invocations=2 (full 0):
 PSYoungGen      total 67584K, used 5104K [0x00000000eab00000, 0x00000000ef200000, 0x0000000100000000)
  eden space 62464K, 0% used [0x00000000eab00000,0x00000000eab00000,0x00000000ee800000)
  from space 5120K, 99% used [0x00000000eed00000,0x00000000ef1fc038,0x00000000ef200000)
  to   space 5120K, 0% used [0x00000000ee800000,0x00000000ee800000,0x00000000eed00000)
 ParOldGen       total 83456K, used 4467K [0x00000000c0000000, 0x00000000c5180000, 0x00000000eab00000)
  object space 83456K, 5% used [0x00000000c0000000,0x00000000c045ce30,0x00000000c5180000)
 Metaspace       used 5668K, capacity 6960K, committed 7040K, reserved 1056768K
  class space    used 549K, capacity 616K, committed 640K, reserved 1048576K
}
Event: 1.416 GC heap before
{Heap before GC invocations=3 (full 0):
 PSYoungGen      total 67584K, used 67568K [0x00000000eab00000, 0x00000000ef200000, 0x0000000100000000)
  eden space 62464K, 100% used [0x00000000eab00000,0x00000000ee800000,0x00000000ee800000)
  from space 5120K, 99% used [0x00000000eed00000,0x00000000ef1fc038,0x00000000ef200000)
  to   space 5120K, 0% used [0x00000000ee800000,0x00000000ee800000,0x00000000eed00000)
 ParOldGen       total 83456K, used 4467K [0x00000000c0000000, 0x00000000c5180000, 0x00000000eab00000)
  object space 83456K, 5% used [0x00000000c0000000,0x00000000c045ce30,0x00000000c5180000)
 Metaspace       used 5798K, capacity 7088K, committed 7296K, reserved 1056768K
  class space    used 550K, capacity 616K, committed 640K, reserved 1048576K
Event: 1.442 GC heap after
Heap after GC invocations=3 (full 0):
 PSYoungGen      total 67584K, used 5091K [0x00000000eab00000, 0x00000000f2f00000, 0x0000000100000000)
  eden space 62464K, 0% used [0x00000000eab00000,0x00000000eab00000,0x00000000ee800000)
  from space 5120K, 99% used [0x00000000ee800000,0x00000000eecf8c78,0x00000000eed00000)
  to   space 5120K, 0% used [0x00000000f2a00000,0x00000000f2a00000,0x00000000f2f00000)
 ParOldGen       total 83456K, used 14240K [0x00000000c0000000, 0x00000000c5180000, 0x00000000eab00000)
  object space 83456K, 17% used [0x00000000c0000000,0x00000000c0de8230,0x00000000c5180000)
 Metaspace       used 5798K, capacity 7088K, committed 7296K, reserved 1056768K
  class space    used 550K, capacity 616K, committed 640K, reserved 1048576K
}
Event: 1.703 GC heap before
{Heap before GC invocations=4 (full 0):
 PSYoungGen      total 67584K, used 67529K [0x00000000eab00000, 0x00000000f2f00000, 0x0000000100000000)
  eden space 62464K, 99% used [0x00000000eab00000,0x00000000ee7f97d0,0x00000000ee800000)
  from space 5120K, 99% used [0x00000000ee800000,0x00000000eecf8c78,0x00000000eed00000)
  to   space 5120K, 0% used [0x00000000f2a00000,0x00000000f2a00000,0x00000000f2f00000)
 ParOldGen       total 83456K, used 14240K [0x00000000c0000000, 0x00000000c5180000, 0x00000000eab00000)
  object space 83456K, 17% used [0x00000000c0000000,0x00000000c0de8230,0x00000000c5180000)
 Metaspace       used 5839K, capacity 7088K, committed 7296K, reserved 1056768K
  class space    used 551K, capacity 616K, committed 640K, reserved 1048576K
Event: 1.718 GC heap after
Heap after GC invocations=4 (full 0):
 PSYoungGen      total 130048K, used 5091K [0x00000000eab00000, 0x00000000f2f00000, 0x0000000100000000)
  eden space 124928K, 0% used [0x00000000eab00000,0x00000000eab00000,0x00000000f2500000)
  from space 5120K, 99% used [0x00000000f2a00000,0x00000000f2ef8c68,0x00000000f2f00000)
  to   space 5120K, 0% used [0x00000000f2500000,0x00000000f2500000,0x00000000f2a00000)
 ParOldGen       total 83456K, used 22251K [0x00000000c0000000, 0x00000000c5180000, 0x00000000eab00000)
  object space 83456K, 26% used [0x00000000c0000000,0x00000000c15bac28,0x00000000c5180000)
 Metaspace       used 5839K, capacity 7088K, committed 7296K, reserved 1056768K
  class space    used 551K, capacity 616K, committed 640K, reserved 1048576K
}
Event: 4.323 GC heap before
{Heap before GC invocations=5 (full 0):
 PSYoungGen      total 130048K, used 130019K [0x00000000eab00000, 0x00000000f2f00000, 0x0000000100000000)
  eden space 124928K, 100% used [0x00000000eab00000,0x00000000f2500000,0x00000000f2500000)
  from space 5120K, 99% used [0x00000000f2a00000,0x00000000f2ef8c68,0x00000000f2f00000)
  to   space 5120K, 0% used [0x00000000f2500000,0x00000000f2500000,0x00000000f2a00000)
 ParOldGen       total 83456K, used 22251K [0x00000000c0000000, 0x00000000c5180000, 0x00000000eab00000)
  object space 83456K, 26% used [0x00000000c0000000,0x00000000c15bac28,0x00000000c5180000)
 Metaspace       used 7600K, capacity 8248K, committed 8448K, reserved 1056768K
  class space    used 705K, capacity 752K, committed 768K, reserved 1048576K

Deoptimization events (10 events):
Event: 2.142 Thread 0x00007f72d000b000 Uncommon trap: reason=class_check action=maybe_recompile pc=0x00007f72c183066c method=com.android.dex.Leb128.writeUnsignedLeb128(Lcom/android/dex/util/ByteOutput;I)V @ 40
Event: 2.142 Thread 0x00007f72d000b000 Uncommon trap: reason=class_check action=maybe_recompile pc=0x00007f72c183066c method=com.android.dex.Leb128.writeUnsignedLeb128(Lcom/android/dex/util/ByteOutput;I)V @ 40
Event: 2.142 Thread 0x00007f72d000b000 Uncommon trap: reason=class_check action=maybe_recompile pc=0x00007f72c183066c method=com.android.dex.Leb128.writeUnsignedLeb128(Lcom/android/dex/util/ByteOutput;I)V @ 40
Event: 2.142 Thread 0x00007f72d000b000 Uncommon trap: reason=class_check action=maybe_recompile pc=0x00007f72c183066c method=com.android.dex.Leb128.writeUnsignedLeb128(Lcom/android/dex/util/ByteOutput;I)V @ 40
Event: 2.179 Thread 0x00007f72d000b000 Uncommon trap: reason=unreached action=reinterpret pc=0x00007f72c18ae56c method=java.util.HashMap.putVal(ILjava/lang/Object;Ljava/lang/Object;ZZ)Ljava/lang/Object; @ 109
Event: 2.179 Thread 0x00007f72d000b000 Uncommon trap: reason=unreached action=reinterpret pc=0x00007f72c18b111c method=java.util.HashMap.putVal(ILjava/lang/Object;Ljava/lang/Object;ZZ)Ljava/lang/Object; @ 109
Event: 2.179 Thread 0x00007f72d000b000 Uncommon trap: reason=unreached action=reinterpret pc=0x00007f72c15d3750 method=java.util.HashMap.resize()[Ljava/util/HashMap$Node; @ 206
Event: 2.189 Thread 0x00007f72d000b000 Uncommon trap: reason=predicate action=maybe_recompile pc=0x00007f72c18d7884 method=com.android.dex.Leb128.writeUnsignedLeb128(Lcom/android/dex/util/ByteOutput;I)V @ 9
Event: 2.204 Thread 0x00007f72d000b000 Uncommon trap: reason=unreached action=reinterpret pc=0x00007f72c16bb578 method=java.util.HashMap.getNode(ILjava/lang/Object;)Ljava/util/HashMap$Node; @ 84
Event: 2.269 Thread 0x00007f72d000b000 Uncommon trap: reason=predicate action=maybe_recompile pc=0x00007f72c191f284 method=com.android.dex.Leb128.readUnsignedLeb128(Lcom/android/dex/util/ByteInput;)I @ 41

Internal exceptions (10 events):
Event: 2.199 Thread 0x00007f72d000b000 Exception <a 'java/security/PrivilegedActionException'> (0x00000000ec9d2cc8) thrown at [/HUDSON/workspace/8-2-build-linux-amd64/jdk8u31/2394/hotspot/src/share/vm/prims/jvm.cpp, line 1312]
Event: 2.199 Thread 0x00007f72d000b000 Exception <a 'java/security/PrivilegedActionException'> (0x00000000ec9d60c8) thrown at [/HUDSON/workspace/8-2-build-linux-amd64/jdk8u31/2394/hotspot/src/share/vm/prims/jvm.cpp, line 1312]
Event: 2.200 Thread 0x00007f72d000b000 Exception <a 'java/security/PrivilegedActionException'> (0x00000000ec9d9618) thrown at [/HUDSON/workspace/8-2-build-linux-amd64/jdk8u31/2394/hotspot/src/share/vm/prims/jvm.cpp, line 1312]
Event: 2.201 Thread 0x00007f72d000b000 Exception <a 'java/security/PrivilegedActionException'> (0x00000000ec9deae0) thrown at [/HUDSON/workspace/8-2-build-linux-amd64/jdk8u31/2394/hotspot/src/share/vm/prims/jvm.cpp, line 1312]
Event: 2.201 Thread 0x00007f72d000b000 Exception <a 'java/security/PrivilegedActionException'> (0x00000000ec9e1a20) thrown at [/HUDSON/workspace/8-2-build-linux-amd64/jdk8u31/2394/hotspot/src/share/vm/prims/jvm.cpp, line 1312]
Event: 2.201 Thread 0x00007f72d000b000 Exception <a 'java/security/PrivilegedActionException'> (0x00000000ec9e4b20) thrown at [/HUDSON/workspace/8-2-build-linux-amd64/jdk8u31/2394/hotspot/src/share/vm/prims/jvm.cpp, line 1312]
Event: 2.201 Thread 0x00007f72d000b000 Exception <a 'java/security/PrivilegedActionException'> (0x00000000ec9e8058) thrown at [/HUDSON/workspace/8-2-build-linux-amd64/jdk8u31/2394/hotspot/src/share/vm/prims/jvm.cpp, line 1312]
Event: 2.203 Thread 0x00007f72d000b000 Exception <a 'java/security/PrivilegedActionException'> (0x00000000eca2f2c0) thrown at [/HUDSON/workspace/8-2-build-linux-amd64/jdk8u31/2394/hotspot/src/share/vm/prims/jvm.cpp, line 1312]
Event: 2.203 Thread 0x00007f72d000b000 Exception <a 'java/security/PrivilegedActionException'> (0x00000000eca31540) thrown at [/HUDSON/workspace/8-2-build-linux-amd64/jdk8u31/2394/hotspot/src/share/vm/prims/jvm.cpp, line 1312]
Event: 2.461 Thread 0x00007f72d000b000 Exception <a 'java/security/PrivilegedActionException'> (0x00000000ef754430) thrown at [/HUDSON/workspace/8-2-build-linux-amd64/jdk8u31/2394/hotspot/src/share/vm/prims/jvm.cpp, line 1312]

Events (10 events):
Event: 2.461 loading class com/android/dex/Dex$1 done
Event: 2.506 Executing VM operation: ForceSafepoint
Event: 2.506 Executing VM operation: ForceSafepoint done
Event: 2.509 Thread 0x00007f72d000b000 DEOPT PACKING pc=0x00007f72c1a247b9 sp=0x00007f72d89c94c0
Event: 2.509 Thread 0x00007f72d000b000 DEOPT UNPACKING pc=0x00007f72c1047373 sp=0x00007f72d89c9260 mode 0
Event: 2.545 Thread 0x00007f72d000b000 DEOPT PACKING pc=0x00007f72c19d4153 sp=0x00007f72d89c93e0
Event: 2.545 Thread 0x00007f72d000b000 DEOPT UNPACKING pc=0x00007f72c1047373 sp=0x00007f72d89c9178 mode 0
Event: 2.548 Thread 0x00007f72d000b000 DEOPT PACKING pc=0x00007f72c19d4153 sp=0x00007f72d89c93e0
Event: 2.548 Thread 0x00007f72d000b000 DEOPT UNPACKING pc=0x00007f72c1047373 sp=0x00007f72d89c9178 mode 0
Event: 4.164 Executing VM operation: ParallelGCFailedAllocation


Dynamic libraries:
00400000-00401000 r-xp 00000000 fc:01 11546526                           /usr/local/java/jdk1.8.0_31/bin/java
00600000-00601000 rw-p 00000000 fc:01 11546526                           /usr/local/java/jdk1.8.0_31/bin/java
00f15000-00f36000 rw-p 00000000 00:00 0                                  [heap]
c0000000-c5180000 rw-p 00000000 00:00 0 
c5180000-eab00000 ---p 00000000 00:00 0 
eab00000-f2f00000 rw-p 00000000 00:00 0 
fcd00000-100000000 ---p 00000000 00:00 0 
100000000-1000c0000 rw-p 00000000 00:00 0 
1000c0000-140000000 ---p 00000000 00:00 0 
7f726c000000-7f726c021000 rw-p 00000000 00:00 0 
7f726c021000-7f7270000000 ---p 00000000 00:00 0 
7f7274000000-7f7274790000 rw-p 00000000 00:00 0 
7f7274790000-7f7278000000 ---p 00000000 00:00 0 
7f7278000000-7f7278021000 rw-p 00000000 00:00 0 
7f7278021000-7f727c000000 ---p 00000000 00:00 0 
7f727c000000-7f727d0f1000 rw-p 00000000 00:00 0 
7f727d0f1000-7f7280000000 ---p 00000000 00:00 0 
7f7280000000-7f72810b4000 rw-p 00000000 00:00 0 
7f72810b4000-7f7284000000 ---p 00000000 00:00 0 
7f7284000000-7f7284021000 rw-p 00000000 00:00 0 
7f7284021000-7f7288000000 ---p 00000000 00:00 0 
7f7288000000-7f728906b000 rw-p 00000000 00:00 0 
7f728906b000-7f728c000000 ---p 00000000 00:00 0 
7f728c000000-7f728c021000 rw-p 00000000 00:00 0 
7f728c021000-7f7290000000 ---p 00000000 00:00 0 
7f7290000000-7f7290021000 rw-p 00000000 00:00 0 
7f7290021000-7f7294000000 ---p 00000000 00:00 0 
7f7294000000-7f7294021000 rw-p 00000000 00:00 0 
7f7294021000-7f7298000000 ---p 00000000 00:00 0 
7f7298000000-7f729827c000 rw-p 00000000 00:00 0 
7f729827c000-7f729c000000 ---p 00000000 00:00 0 
7f729c000000-7f729c021000 rw-p 00000000 00:00 0 
7f729c021000-7f72a0000000 ---p 00000000 00:00 0 
7f72a4000000-7f72a4021000 rw-p 00000000 00:00 0 
7f72a4021000-7f72a8000000 ---p 00000000 00:00 0 
7f72a81e6000-7f72a81e7000 ---p 00000000 00:00 0 
7f72a81e7000-7f72a82e7000 rw-p 00000000 00:00 0                          [stack:25837]
7f72a82e7000-7f72a82ea000 ---p 00000000 00:00 0 
7f72a82ea000-7f72a83e8000 rw-p 00000000 00:00 0                          [stack:25836]
7f72a83e8000-7f72a83eb000 ---p 00000000 00:00 0 
7f72a83eb000-7f72a84e9000 rw-p 00000000 00:00 0                          [stack:25835]
7f72a84e9000-7f72a84ec000 ---p 00000000 00:00 0 
7f72a84ec000-7f72a85ea000 rw-p 00000000 00:00 0                          [stack:25834]
7f72a85ea000-7f72a85ed000 ---p 00000000 00:00 0 
7f72a85ed000-7f72a86eb000 rw-p 00000000 00:00 0                          [stack:25833]
7f72a86eb000-7f72a86ee000 ---p 00000000 00:00 0 
7f72a86ee000-7f72a87ec000 rw-p 00000000 00:00 0                          [stack:25832]
7f72a87ec000-7f72a87ef000 ---p 00000000 00:00 0 
7f72a87ef000-7f72a88ed000 rw-p 00000000 00:00 0                          [stack:25831]
7f72a88ed000-7f72a8fcf000 r--p 00000000 fc:01 11541320                   /usr/lib/locale/locale-archive
7f72a8fcf000-7f72a8fd2000 ---p 00000000 00:00 0 
7f72a8fd2000-7f72a90d0000 rw-p 00000000 00:00 0                          [stack:25830]
7f72a90d0000-7f72a90d3000 ---p 00000000 00:00 0 
7f72a90d3000-7f72a91d1000 rw-p 00000000 00:00 0                          [stack:25829]
7f72a91d1000-7f72a91d2000 ---p 00000000 00:00 0 
7f72a91d2000-7f72ac000000 rw-p 00000000 00:00 0                          [stack:25828]
7f72ac000000-7f72ac021000 rw-p 00000000 00:00 0 
7f72ac021000-7f72b0000000 ---p 00000000 00:00 0 
7f72b0000000-7f72b0021000 rw-p 00000000 00:00 0 
7f72b0021000-7f72b4000000 ---p 00000000 00:00 0 
7f72b4000000-7f72b4021000 rw-p 00000000 00:00 0 
7f72b4021000-7f72b8000000 ---p 00000000 00:00 0 
7f72b8000000-7f72b8021000 rw-p 00000000 00:00 0 
7f72b8021000-7f72bc000000 ---p 00000000 00:00 0 
7f72bc000000-7f72bc021000 rw-p 00000000 00:00 0 
7f72bc021000-7f72c0000000 ---p 00000000 00:00 0 
7f72c001c000-7f72c0e2a000 rw-p 00000000 00:00 0 
7f72c0e2a000-7f72c1000000 r--s 03cae000 fc:01 919993                     /usr/local/java/jdk1.8.0_31/jre/lib/rt.jar
7f72c1000000-7f72c1a90000 rwxp 00000000 00:00 0 
7f72c1a90000-7f72d0000000 ---p 00000000 00:00 0 
7f72d0000000-7f72d0394000 rw-p 00000000 00:00 0 
7f72d0394000-7f72d4000000 ---p 00000000 00:00 0 
7f72d4000000-7f72d490b000 rw-p 00000000 00:00 0 
7f72d490b000-7f72d498b000 ---p 00000000 00:00 0 
7f72d498b000-7f72d4b8b000 rw-p 00000000 00:00 0 
7f72d4b8b000-7f72d4b8c000 ---p 00000000 00:00 0 
7f72d4b8c000-7f72d4c8c000 rw-p 00000000 00:00 0                          [stack:25827]
7f72d4c8c000-7f72d4c8d000 ---p 00000000 00:00 0 
7f72d4c8d000-7f72d4d8d000 rw-p 00000000 00:00 0                          [stack:25826]
7f72d4d8d000-7f72d4d8e000 ---p 00000000 00:00 0 
7f72d4d8e000-7f72d4e8e000 rw-p 00000000 00:00 0                          [stack:25825]
7f72d4e8e000-7f72d4e8f000 ---p 00000000 00:00 0 
7f72d4e8f000-7f72d4f8f000 rw-p 00000000 00:00 0                          [stack:25824]
7f72d4f8f000-7f72d4f90000 ---p 00000000 00:00 0 
7f72d4f90000-7f72d5090000 rw-p 00000000 00:00 0                          [stack:25823]
7f72d5090000-7f72d5091000 ---p 00000000 00:00 0 
7f72d5091000-7f72d5191000 rw-p 00000000 00:00 0                          [stack:25822]
7f72d5191000-7f72d5192000 ---p 00000000 00:00 0 
7f72d5192000-7f72d5292000 rw-p 00000000 00:00 0                          [stack:25821]
7f72d5292000-7f72d5293000 ---p 00000000 00:00 0 
7f72d5293000-7f72d53bc000 rw-p 00000000 00:00 0                          [stack:25820]
7f72d53bc000-7f72d54e9000 ---p 00000000 00:00 0 
7f72d54e9000-7f72d5512000 rw-p 00000000 00:00 0 
7f72d5512000-7f72d563e000 ---p 00000000 00:00 0 
7f72d563e000-7f72d5681000 rw-p 00000000 00:00 0 
7f72d5681000-7f72d56e9000 ---p 00000000 00:00 0 
7f72d56e9000-7f72d5715000 rw-p 00000000 00:00 0 
7f72d5715000-7f72d5aaa000 ---p 00000000 00:00 0 
7f72d5aaa000-7f72d5ac4000 r-xp 00000000 fc:01 920040                     /usr/local/java/jdk1.8.0_31/jre/lib/amd64/libzip.so
7f72d5ac4000-7f72d5cc4000 ---p 0001a000 fc:01 920040                     /usr/local/java/jdk1.8.0_31/jre/lib/amd64/libzip.so
7f72d5cc4000-7f72d5cc5000 rw-p 0001a000 fc:01 920040                     /usr/local/java/jdk1.8.0_31/jre/lib/amd64/libzip.so
7f72d5cc5000-7f72d5cd0000 r-xp 00000000 fc:01 6819669                    /lib/x86_64-linux-gnu/libnss_files-2.19.so
7f72d5cd0000-7f72d5ecf000 ---p 0000b000 fc:01 6819669                    /lib/x86_64-linux-gnu/libnss_files-2.19.so
7f72d5ecf000-7f72d5ed0000 r--p 0000a000 fc:01 6819669                    /lib/x86_64-linux-gnu/libnss_files-2.19.so
7f72d5ed0000-7f72d5ed1000 rw-p 0000b000 fc:01 6819669                    /lib/x86_64-linux-gnu/libnss_files-2.19.so
7f72d5ed1000-7f72d5edc000 r-xp 00000000 fc:01 6819809                    /lib/x86_64-linux-gnu/libnss_nis-2.19.so
7f72d5edc000-7f72d60db000 ---p 0000b000 fc:01 6819809                    /lib/x86_64-linux-gnu/libnss_nis-2.19.so
7f72d60db000-7f72d60dc000 r--p 0000a000 fc:01 6819809                    /lib/x86_64-linux-gnu/libnss_nis-2.19.so
7f72d60dc000-7f72d60dd000 rw-p 0000b000 fc:01 6819809                    /lib/x86_64-linux-gnu/libnss_nis-2.19.so
7f72d60dd000-7f72d60f4000 r-xp 00000000 fc:01 6819784                    /lib/x86_64-linux-gnu/libnsl-2.19.so
7f72d60f4000-7f72d62f3000 ---p 00017000 fc:01 6819784                    /lib/x86_64-linux-gnu/libnsl-2.19.so
7f72d62f3000-7f72d62f4000 r--p 00016000 fc:01 6819784                    /lib/x86_64-linux-gnu/libnsl-2.19.so
7f72d62f4000-7f72d62f5000 rw-p 00017000 fc:01 6819784                    /lib/x86_64-linux-gnu/libnsl-2.19.so
7f72d62f5000-7f72d62f7000 rw-p 00000000 00:00 0 
7f72d62f7000-7f72d6300000 r-xp 00000000 fc:01 6819782                    /lib/x86_64-linux-gnu/libnss_compat-2.19.so
7f72d6300000-7f72d64ff000 ---p 00009000 fc:01 6819782                    /lib/x86_64-linux-gnu/libnss_compat-2.19.so
7f72d64ff000-7f72d6500000 r--p 00008000 fc:01 6819782                    /lib/x86_64-linux-gnu/libnss_compat-2.19.so
7f72d6500000-7f72d6501000 rw-p 00009000 fc:01 6819782                    /lib/x86_64-linux-gnu/libnss_compat-2.19.so
7f72d6501000-7f72d652b000 r-xp 00000000 fc:01 920035                     /usr/local/java/jdk1.8.0_31/jre/lib/amd64/libjava.so
7f72d652b000-7f72d672b000 ---p 0002a000 fc:01 920035                     /usr/local/java/jdk1.8.0_31/jre/lib/amd64/libjava.so
7f72d672b000-7f72d672d000 rw-p 0002a000 fc:01 920035                     /usr/local/java/jdk1.8.0_31/jre/lib/amd64/libjava.so
7f72d672d000-7f72d673a000 r-xp 00000000 fc:01 920039                     /usr/local/java/jdk1.8.0_31/jre/lib/amd64/libverify.so
7f72d673a000-7f72d693a000 ---p 0000d000 fc:01 920039                     /usr/local/java/jdk1.8.0_31/jre/lib/amd64/libverify.so
7f72d693a000-7f72d693c000 rw-p 0000d000 fc:01 920039                     /usr/local/java/jdk1.8.0_31/jre/lib/amd64/libverify.so
7f72d693c000-7f72d6943000 r-xp 00000000 fc:01 6819806                    /lib/x86_64-linux-gnu/librt-2.19.so
7f72d6943000-7f72d6b42000 ---p 00007000 fc:01 6819806                    /lib/x86_64-linux-gnu/librt-2.19.so
7f72d6b42000-7f72d6b43000 r--p 00006000 fc:01 6819806                    /lib/x86_64-linux-gnu/librt-2.19.so
7f72d6b43000-7f72d6b44000 rw-p 00007000 fc:01 6819806                    /lib/x86_64-linux-gnu/librt-2.19.so
7f72d6b44000-7f72d6c49000 r-xp 00000000 fc:01 6819654                    /lib/x86_64-linux-gnu/libm-2.19.so
7f72d6c49000-7f72d6e48000 ---p 00105000 fc:01 6819654                    /lib/x86_64-linux-gnu/libm-2.19.so
7f72d6e48000-7f72d6e49000 r--p 00104000 fc:01 6819654                    /lib/x86_64-linux-gnu/libm-2.19.so
7f72d6e49000-7f72d6e4a000 rw-p 00105000 fc:01 6819654                    /lib/x86_64-linux-gnu/libm-2.19.so
7f72d6e4a000-7f72d7ab8000 r-xp 00000000 fc:01 1183830                    /usr/local/java/jdk1.8.0_31/jre/lib/amd64/server/libjvm.so
7f72d7ab8000-7f72d7cb7000 ---p 00c6e000 fc:01 1183830                    /usr/local/java/jdk1.8.0_31/jre/lib/amd64/server/libjvm.so
7f72d7cb7000-7f72d7d8d000 rw-p 00c6d000 fc:01 1183830                    /usr/local/java/jdk1.8.0_31/jre/lib/amd64/server/libjvm.so
7f72d7d8d000-7f72d7dd0000 rw-p 00000000 00:00 0 
7f72d7dd0000-7f72d7f8b000 r-xp 00000000 fc:01 6819803                    /lib/x86_64-linux-gnu/libc-2.19.so
7f72d7f8b000-7f72d818a000 ---p 001bb000 fc:01 6819803                    /lib/x86_64-linux-gnu/libc-2.19.so
7f72d818a000-7f72d818e000 r--p 001ba000 fc:01 6819803                    /lib/x86_64-linux-gnu/libc-2.19.so
7f72d818e000-7f72d8190000 rw-p 001be000 fc:01 6819803                    /lib/x86_64-linux-gnu/libc-2.19.so
7f72d8190000-7f72d8195000 rw-p 00000000 00:00 0 
7f72d8195000-7f72d8198000 r-xp 00000000 fc:01 6819745                    /lib/x86_64-linux-gnu/libdl-2.19.so
7f72d8198000-7f72d8397000 ---p 00003000 fc:01 6819745                    /lib/x86_64-linux-gnu/libdl-2.19.so
7f72d8397000-7f72d8398000 r--p 00002000 fc:01 6819745                    /lib/x86_64-linux-gnu/libdl-2.19.so
7f72d8398000-7f72d8399000 rw-p 00003000 fc:01 6819745                    /lib/x86_64-linux-gnu/libdl-2.19.so
7f72d8399000-7f72d83ae000 r-xp 00000000 fc:01 659113                     /usr/local/java/jdk1.8.0_31/lib/amd64/jli/libjli.so
7f72d83ae000-7f72d85ad000 ---p 00015000 fc:01 659113                     /usr/local/java/jdk1.8.0_31/lib/amd64/jli/libjli.so
7f72d85ad000-7f72d85ae000 rw-p 00014000 fc:01 659113                     /usr/local/java/jdk1.8.0_31/lib/amd64/jli/libjli.so
7f72d85ae000-7f72d85c7000 r-xp 00000000 fc:01 6819804                    /lib/x86_64-linux-gnu/libpthread-2.19.so
7f72d85c7000-7f72d87c6000 ---p 00019000 fc:01 6819804                    /lib/x86_64-linux-gnu/libpthread-2.19.so
7f72d87c6000-7f72d87c7000 r--p 00018000 fc:01 6819804                    /lib/x86_64-linux-gnu/libpthread-2.19.so
7f72d87c7000-7f72d87c8000 rw-p 00019000 fc:01 6819804                    /lib/x86_64-linux-gnu/libpthread-2.19.so
7f72d87c8000-7f72d87cc000 rw-p 00000000 00:00 0 
7f72d87cc000-7f72d87ef000 r-xp 00000000 fc:01 6819786                    /lib/x86_64-linux-gnu/ld-2.19.so
7f72d87f0000-7f72d88ca000 rw-p 00000000 00:00 0 
7f72d88ca000-7f72d88cd000 ---p 00000000 00:00 0 
7f72d88cd000-7f72d89cf000 rw-p 00000000 00:00 0                          [stack:25819]
7f72d89cf000-7f72d89d3000 r--s 00094000 fc:01 919998                     /usr/local/java/jdk1.8.0_31/jre/lib/jsse.jar
7f72d89d3000-7f72d89e2000 r--s 000dd000 fc:01 10225656                   /home/hector/Android/Sdk/build-tools/21.1.2/lib/dx.jar
7f72d89e2000-7f72d89ea000 rw-s 00000000 fc:01 10237196                   /tmp/hsperfdata_hector/25814
7f72d89ea000-7f72d89eb000 rw-p 00000000 00:00 0 
7f72d89eb000-7f72d89ec000 ---p 00000000 00:00 0 
7f72d89ec000-7f72d89ee000 rw-p 00000000 00:00 0 
7f72d89ee000-7f72d89ef000 r--p 00022000 fc:01 6819786                    /lib/x86_64-linux-gnu/ld-2.19.so
7f72d89ef000-7f72d89f0000 rw-p 00023000 fc:01 6819786                    /lib/x86_64-linux-gnu/ld-2.19.so
7f72d89f0000-7f72d89f1000 rw-p 00000000 00:00 0 
7ffccafb0000-7ffccafd2000 rw-p 00000000 00:00 0                          [stack]
7ffccafdd000-7ffccafdf000 r-xp 00000000 00:00 0                          [vdso]
ffffffffff600000-ffffffffff601000 r-xp 00000000 00:00 0                  [vsyscall]

VM Arguments:
jvm_args: -Xmx1024M -Dfile.encoding=UTF-8 -Duser.country=US -Duser.language=en -Duser.variant 
java_command: com.android.dx.command.Main --dex --output /home/hector/Android/SoftwareProject/hi_run/app/build/intermediates/dex/debug /home/hector/Android/SoftwareProject/hi_run/app/build/intermediates/classes/debug /home/hector/Android/SoftwareProject/hi_run/app/build/intermediates/pre-dexed/debug/support-annotations-22.2.0-33a26640cc759ca8c9bd555d32e73d781c7c9fc4.jar /home/hector/Android/SoftwareProject/hi_run/app/build/intermediates/pre-dexed/debug/sinch-android-verification-1.0.1-b5351dd6f0fbce41159952165ba0114d61ae7c08.jar /home/hector/Android/SoftwareProject/hi_run/app/build/intermediates/pre-dexed/debug/bolts-android-1.2.0-8b053939cf00a73e8bb0fd69bba6c912490f976a.jar /home/hector/Android/SoftwareProject/hi_run/app/build/intermediates/pre-dexed/debug/activation-42c30917d83c0ecf6b13f61fe267f2ea47cd9e75.jar /home/hector/Android/SoftwareProject/hi_run/app/build/intermediates/pre-dexed/debug/additionnal-adca714cfe95fa1c1b6bf5e6dc7b71764d84cbeb.jar /home/hector/Android/SoftwareProject/hi_run/app/build/intermediates/pre-dexed/debug/picasso-2.5.2-6b2a14f6862264fe44982ea79176ad1389f7a9bb.jar /home/hector/Android/SoftwareProject/hi_run/app/build/intermediates/pre-dexed/debug/classes-2c8780a05402680cb3ff1d5c3a1c661dc8e10174.jar /home/hector/Android/SoftwareProject/hi_run/app/build/intermediates/pre-dexed/debug/internal_impl-22.2.0-5c8e2f0cea6c0e04176246c375baf2b1f2b71913.jar /home/hector/Android/SoftwareProject/hi_run/app/build/intermediates/pre-dexed/debug/classes-8e482bbfd96ce4e85e31a16c5702c867cb54417a.jar /home/hector/Android/SoftwareProject/hi_run/app/build/intermediates/pre-dexed/debug/mail-3937bd8597d0bd6d284228cf96f739edf921a6ab.jar /home/hector/Android/SoftwareProject/hi_run/app/build/intermediates/pre-dexed/debug/classes-7cc0ffe729aa7cb55e56edca68efe5c1f29d4f06.jar /home/hector/Android/SoftwareProject/hi_run/app/build/intermediates/pre-dexed/debug/Parse-1.9.1-ff7ff6630d8d54c164bf5f891afc630d12ee4dde.jar /home/hector/Android/SoftwareProject/hi_run/app/build/
java_class_path (initial): /home/hector/Android/Sdk/build-tools/21.1.2/lib/dx.jar
Launcher Type: SUN_STANDARD

Environment Variables:
JAVA_HOME=/usr/local/java/jdk1.8.0_31
CLASSPATH=/usr/local/android/android-studio/bin/../lib/bootstrap.jar:/usr/local/android/android-studio/bin/../lib/extensions.jar:/usr/local/android/android-studio/bin/../lib/util.jar:/usr/local/android/android-studio/bin/../lib/jdom.jar:/usr/local/android/android-studio/bin/../lib/log4j.jar:/usr/local/android/android-studio/bin/../lib/trove4j.jar:/usr/local/android/android-studio/bin/../lib/jna.jar:/usr/local/java/jdk1.8.0_31/lib/tools.jar
PATH=/usr/local/sbin:/usr/local/bin:/usr/sbin:/usr/bin:/sbin:/bin:/usr/games:/usr/local/games
LD_LIBRARY_PATH=/usr/local/android/android-studio/bin:
SHELL=/bin/bash
DISPLAY=:0

Signal Handlers:
SIGSEGV: [libjvm.so+0xa7a650], sa_mask[0]=11111111011111111101111111111110, sa_flags=SA_RESTART|SA_SIGINFO
SIGBUS: [libjvm.so+0xa7a650], sa_mask[0]=11111111011111111101111111111110, sa_flags=SA_RESTART|SA_SIGINFO
SIGFPE: [libjvm.so+0x8e28f0], sa_mask[0]=11111111011111111101111111111110, sa_flags=SA_RESTART|SA_SIGINFO
SIGPIPE: [libjvm.so+0x8e28f0], sa_mask[0]=11111111011111111101111111111110, sa_flags=SA_RESTART|SA_SIGINFO
SIGXFSZ: [libjvm.so+0x8e28f0], sa_mask[0]=11111111011111111101111111111110, sa_flags=SA_RESTART|SA_SIGINFO
SIGILL: [libjvm.so+0x8e28f0], sa_mask[0]=11111111011111111101111111111110, sa_flags=SA_RESTART|SA_SIGINFO
SIGUSR1: SIG_DFL, sa_mask[0]=00000000000000000000000000000000, sa_flags=none
SIGUSR2: [libjvm.so+0x8e4120], sa_mask[0]=00100000000000000000000000000000, sa_flags=SA_RESTART|SA_SIGINFO
SIGHUP: [libjvm.so+0x8e54e0], sa_mask[0]=11111111011111111101111111111110, sa_flags=SA_RESTART|SA_SIGINFO
SIGINT: [libjvm.so+0x8e54e0], sa_mask[0]=11111111011111111101111111111110, sa_flags=SA_RESTART|SA_SIGINFO
SIGTERM: [libjvm.so+0x8e54e0], sa_mask[0]=11111111011111111101111111111110, sa_flags=SA_RESTART|SA_SIGINFO
SIGQUIT: [libjvm.so+0x8e54e0], sa_mask[0]=11111111011111111101111111111110, sa_flags=SA_RESTART|SA_SIGINFO


---------------  S Y S T E M  ---------------

OS:DISTRIB_ID=Ubuntu
DISTRIB_RELEASE=14.04
DISTRIB_CODENAME=trusty
DISTRIB_DESCRIPTION="Ubuntu 14.04.3 LTS"

uname:Linux 3.13.0-61-generic #100-Ubuntu SMP Wed Jul 29 11:21:34 UTC 2015 x86_64
libc:glibc 2.19 NPTL 2.19 
rlimit: STACK 8192k, CORE 0k, NPROC 60746, NOFILE 4096, AS infinity
load average:6.01 2.16 1.21

/proc/meminfo:
MemTotal:        7892220 kB
MemFree:          106448 kB
Buffers:             944 kB
Cached:          2741628 kB
SwapCached:        22984 kB
Active:          6323268 kB
Inactive:        1189676 kB
Active(anon):    6320288 kB
Inactive(anon):  1176664 kB
Active(file):       2980 kB
Inactive(file):    13012 kB
Unevictable:          32 kB
Mlocked:              32 kB
SwapTotal:       8101884 kB
SwapFree:              0 kB
Dirty:                40 kB
Writeback:             0 kB
AnonPages:       4750412 kB
Mapped:          1647176 kB
Shmem:           2724916 kB
Slab:             123404 kB
SReclaimable:      58500 kB
SUnreclaim:        64904 kB
KernelStack:        6208 kB
PageTables:        52148 kB
NFS_Unstable:          0 kB
Bounce:                0 kB
WritebackTmp:          0 kB
CommitLimit:    12047992 kB
Committed_AS:   20162532 kB
VmallocTotal:   34359738367 kB
VmallocUsed:      615556 kB
VmallocChunk:   34359112316 kB
HardwareCorrupted:     0 kB
AnonHugePages:   1646592 kB
HugePages_Total:       0
HugePages_Free:        0
HugePages_Rsvd:        0
HugePages_Surp:        0
Hugepagesize:       2048 kB
DirectMap4k:      121600 kB
DirectMap2M:     6932480 kB
DirectMap1G:     1048576 kB


CPU:total 8 (4 cores per cpu, 2 threads per core) family 6 model 60 stepping 3, cmov, cx8, fxsr, mmx, sse, sse2, sse3, ssse3, sse4.1, sse4.2, popcnt, avx, avx2, aes, clmul, erms, lzcnt, ht, tsc, tscinvbit, bmi1, bmi2

/proc/cpuinfo:
processor	: 0
vendor_id	: GenuineIntel
cpu family	: 6
model		: 60
model name	: Intel(R) Core(TM) i7-4700MQ CPU @ 2.40GHz
stepping	: 3
microcode	: 0x7
cpu MHz		: 2401.000
cache size	: 6144 KB
physical id	: 0
siblings	: 8
core id		: 0
cpu cores	: 4
apicid		: 0
initial apicid	: 0
fpu		: yes
fpu_exception	: yes
cpuid level	: 13
wp		: yes
flags		: fpu vme de pse tsc msr pae mce cx8 apic sep mtrr pge mca cmov pat pse36 clflush dts acpi mmx fxsr sse sse2 ss ht tm pbe syscall nx pdpe1gb rdtscp lm constant_tsc arch_perfmon pebs bts rep_good nopl xtopology nonstop_tsc aperfmperf eagerfpu pni pclmulqdq dtes64 monitor ds_cpl vmx est tm2 ssse3 fma cx16 xtpr pdcm pcid sse4_1 sse4_2 movbe popcnt tsc_deadline_timer aes xsave avx f16c rdrand lahf_lm abm ida arat epb xsaveopt pln pts dtherm tpr_shadow vnmi flexpriority ept vpid fsgsbase tsc_adjust bmi1 avx2 smep bmi2 erms invpcid
bogomips	: 4788.77
clflush size	: 64
cache_alignment	: 64
address sizes	: 39 bits physical, 48 bits virtual
power management:

processor	: 1
vendor_id	: GenuineIntel
cpu family	: 6
model		: 60
model name	: Intel(R) Core(TM) i7-4700MQ CPU @ 2.40GHz
stepping	: 3
microcode	: 0x7
cpu MHz		: 2401.000
cache size	: 6144 KB
physical id	: 0
siblings	: 8
core id		: 0
cpu cores	: 4
apicid		: 1
initial apicid	: 1
fpu		: yes
fpu_exception	: yes
cpuid level	: 13
wp		: yes
flags		: fpu vme de pse tsc msr pae mce cx8 apic sep mtrr pge mca cmov pat pse36 clflush dts acpi mmx fxsr sse sse2 ss ht tm pbe syscall nx pdpe1gb rdtscp lm constant_tsc arch_perfmon pebs bts rep_good nopl xtopology nonstop_tsc aperfmperf eagerfpu pni pclmulqdq dtes64 monitor ds_cpl vmx est tm2 ssse3 fma cx16 xtpr pdcm pcid sse4_1 sse4_2 movbe popcnt tsc_deadline_timer aes xsave avx f16c rdrand lahf_lm abm ida arat epb xsaveopt pln pts dtherm tpr_shadow vnmi flexpriority ept vpid fsgsbase tsc_adjust bmi1 avx2 smep bmi2 erms invpcid
bogomips	: 4788.77
clflush size	: 64
cache_alignment	: 64
address sizes	: 39 bits physical, 48 bits virtual
power management:

processor	: 2
vendor_id	: GenuineIntel
cpu family	: 6
model		: 60
model name	: Intel(R) Core(TM) i7-4700MQ CPU @ 2.40GHz
stepping	: 3
microcode	: 0x7
cpu MHz		: 2401.000
cache size	: 6144 KB
physical id	: 0
siblings	: 8
core id		: 1
cpu cores	: 4
apicid		: 2
initial apicid	: 2
fpu		: yes
fpu_exception	: yes
cpuid level	: 13
wp		: yes
flags		: fpu vme de pse tsc msr pae mce cx8 apic sep mtrr pge mca cmov pat pse36 clflush dts acpi mmx fxsr sse sse2 ss ht tm pbe syscall nx pdpe1gb rdtscp lm constant_tsc arch_perfmon pebs bts rep_good nopl xtopology nonstop_tsc aperfmperf eagerfpu pni pclmulqdq dtes64 monitor ds_cpl vmx est tm2 ssse3 fma cx16 xtpr pdcm pcid sse4_1 sse4_2 movbe popcnt tsc_deadline_timer aes xsave avx f16c rdrand lahf_lm abm ida arat epb xsaveopt pln pts dtherm tpr_shadow vnmi flexpriority ept vpid fsgsbase tsc_adjust bmi1 avx2 smep bmi2 erms invpcid
bogomips	: 4788.77
clflush size	: 64
cache_alignment	: 64
address sizes	: 39 bits physical, 48 bits virtual
power management:

processor	: 3
vendor_id	: GenuineIntel
cpu family	: 6
model		: 60
model name	: Intel(R) Core(TM) i7-4700MQ CPU @ 2.40GHz
stepping	: 3
microcode	: 0x7
cpu MHz		: 2401.000
cache size	: 6144 KB
physical id	: 0
siblings	: 8
core id		: 1
cpu cores	: 4
apicid		: 3
initial apicid	: 3
fpu		: yes
fpu_exception	: yes
cpuid level	: 13
wp		: yes
flags		: fpu vme de pse tsc msr pae mce cx8 apic sep mtrr pge mca cmov pat pse36 clflush dts acpi mmx fxsr sse sse2 ss ht tm pbe syscall nx pdpe1gb rdtscp lm constant_tsc arch_perfmon pebs bts rep_good nopl xtopology nonstop_tsc aperfmperf eagerfpu pni pclmulqdq dtes64 monitor ds_cpl vmx est tm2 ssse3 fma cx16 xtpr pdcm pcid sse4_1 sse4_2 movbe popcnt tsc_deadline_timer aes xsave avx f16c rdrand lahf_lm abm ida arat epb xsaveopt pln pts dtherm tpr_shadow vnmi flexpriority ept vpid fsgsbase tsc_adjust bmi1 avx2 smep bmi2 erms invpcid
bogomips	: 4788.77
clflush size	: 64
cache_alignment	: 64
address sizes	: 39 bits physical, 48 bits virtual
power management:

processor	: 4
vendor_id	: GenuineIntel
cpu family	: 6
model		: 60
model name	: Intel(R) Core(TM) i7-4700MQ CPU @ 2.40GHz
stepping	: 3
microcode	: 0x7
cpu MHz		: 2401.000
cache size	: 6144 KB
physical id	: 0
siblings	: 8
core id		: 2
cpu cores	: 4
apicid		: 4
initial apicid	: 4
fpu		: yes
fpu_exception	: yes
cpuid level	: 13
wp		: yes
flags		: fpu vme de pse tsc msr pae mce cx8 apic sep mtrr pge mca cmov pat pse36 clflush dts acpi mmx fxsr sse sse2 ss ht tm pbe syscall nx pdpe1gb rdtscp lm constant_tsc arch_perfmon pebs bts rep_good nopl xtopology nonstop_tsc aperfmperf eagerfpu pni pclmulqdq dtes64 monitor ds_cpl vmx est tm2 ssse3 fma cx16 xtpr pdcm pcid sse4_1 sse4_2 movbe popcnt tsc_deadline_timer aes xsave avx f16c rdrand lahf_lm abm ida arat epb xsaveopt pln pts dtherm tpr_shadow vnmi flexpriority ept vpid fsgsbase tsc_adjust bmi1 avx2 smep bmi2 erms invpcid
bogomips	: 4788.77
clflush size	: 64
cache_alignment	: 64
address sizes	: 39 bits physical, 48 bits virtual
power management:

processor	: 5
vendor_id	: GenuineIntel
cpu family	: 6
model		: 60
model name	: Intel(R) Core(TM) i7-4700MQ CPU @ 2.40GHz
stepping	: 3
microcode	: 0x7
cpu MHz		: 800.000
cache size	: 6144 KB
physical id	: 0
siblings	: 8
core id		: 2
cpu cores	: 4
apicid		: 5
initial apicid	: 5
fpu		: yes
fpu_exception	: yes
cpuid level	: 13
wp		: yes
flags		: fpu vme de pse tsc msr pae mce cx8 apic sep mtrr pge mca cmov pat pse36 clflush dts acpi mmx fxsr sse sse2 ss ht tm pbe syscall nx pdpe1gb rdtscp lm constant_tsc arch_perfmon pebs bts rep_good nopl xtopology nonstop_tsc aperfmperf eagerfpu pni pclmulqdq dtes64 monitor ds_cpl vmx est tm2 ssse3 fma cx16 xtpr pdcm pcid sse4_1 sse4_2 movbe popcnt tsc_deadline_timer aes xsave avx f16c rdrand lahf_lm abm ida arat epb xsaveopt pln pts dtherm tpr_shadow vnmi flexpriority ept vpid fsgsbase tsc_adjust bmi1 avx2 smep bmi2 erms invpcid
bogomips	: 4788.77
clflush size	: 64
cache_alignment	: 64
address sizes	: 39 bits physical, 48 bits virtual
power management:

processor	: 6
vendor_id	: GenuineIntel
cpu family	: 6
model		: 60
model name	: Intel(R) Core(TM) i7-4700MQ CPU @ 2.40GHz
stepping	: 3
microcode	: 0x7
cpu MHz		: 800.000
cache size	: 6144 KB
physical id	: 0
siblings	: 8
core id		: 3
cpu cores	: 4
apicid		: 6
initial apicid	: 6
fpu		: yes
fpu_exception	: yes
cpuid level	: 13
wp		: yes
flags		: fpu vme de pse tsc msr pae mce cx8 apic sep mtrr pge mca cmov pat pse36 clflush dts acpi mmx fxsr sse sse2 ss ht tm pbe syscall nx pdpe1gb rdtscp lm constant_tsc arch_perfmon pebs bts rep_good nopl xtopology nonstop_tsc aperfmperf eagerfpu pni pclmulqdq dtes64 monitor ds_cpl vmx est tm2 ssse3 fma cx16 xtpr pdcm pcid sse4_1 sse4_2 movbe popcnt tsc_deadline_timer aes xsave avx f16c rdrand lahf_lm abm ida arat epb xsaveopt pln pts dtherm tpr_shadow vnmi flexpriority ept vpid fsgsbase tsc_adjust bmi1 avx2 smep bmi2 erms invpcid
bogomips	: 4788.77
clflush size	: 64
cache_alignment	: 64
address sizes	: 39 bits physical, 48 bits virtual
power management:

processor	: 7
vendor_id	: GenuineIntel
cpu family	: 6
model		: 60
model name	: Intel(R) Core(TM) i7-4700MQ CPU @ 2.40GHz
stepping	: 3
microcode	: 0x7
cpu MHz		: 800.000
cache size	: 6144 KB
physical id	: 0
siblings	: 8
core id		: 3
cpu cores	: 4
apicid		: 7
initial apicid	: 7
fpu		: yes
fpu_exception	: yes
cpuid level	: 13
wp		: yes
flags		: fpu vme de pse tsc msr pae mce cx8 apic sep mtrr pge mca cmov pat pse36 clflush dts acpi mmx fxsr sse sse2 ss ht tm pbe syscall nx pdpe1gb rdtscp lm constant_tsc arch_perfmon pebs bts rep_good nopl xtopology nonstop_tsc aperfmperf eagerfpu pni pclmulqdq dtes64 monitor ds_cpl vmx est tm2 ssse3 fma cx16 xtpr pdcm pcid sse4_1 sse4_2 movbe popcnt tsc_deadline_timer aes xsave avx f16c rdrand lahf_lm abm ida arat epb xsaveopt pln pts dtherm tpr_shadow vnmi flexpriority ept vpid fsgsbase tsc_adjust bmi1 avx2 smep bmi2 erms invpcid
bogomips	: 4788.77
clflush size	: 64
cache_alignment	: 64
address sizes	: 39 bits physical, 48 bits virtual
power management:



Memory: 4k page, physical 7892220k(106448k free), swap 8101884k(0k free)

vm_info: Java HotSpot(TM) 64-Bit Server VM (25.31-b07) for linux-amd64 JRE (1.8.0_31-b13), built on Dec 17 2014 20:40:15 by "java_re" with gcc 4.3.0 20080428 (Red Hat 4.3.0-8)

time: Sat Aug  8 12:35:41 2015
elapsed time: 5 seconds (0d 0h 0m 5s)

